Watching for file changes with StatReloader
Watching for file changes with StatReloader
E:\Edu\Django\Seminar\DjangoProject\myproject\sem1app1\admin.py changed, reloading.
Watching for file changes with StatReloader
Not Found: /
"GET / HTTP/1.1" 404 2588
"GET /admin/fithapp/product/1/change/ HTTP/1.1" 200 16337
"GET /admin/jsi18n/ HTTP/1.1" 200 3342
Not Found: /favicon.ico
"GET /favicon.ico HTTP/1.1" 404 2639
"GET /admin/ HTTP/1.1" 200 11070
E:\Edu\Django\Seminar\DjangoProject\myproject\sem1app1\models.py changed, reloading.
Watching for file changes with StatReloader
E:\Edu\Django\Seminar\DjangoProject\myproject\sem1app1\models.py changed, reloading.
Watching for file changes with StatReloader
E:\Edu\Django\Seminar\DjangoProject\myproject\sem1app1\models.py changed, reloading.
Watching for file changes with StatReloader
E:\Edu\Django\Seminar\DjangoProject\myproject\sem1app1\models.py changed, reloading.
Watching for file changes with StatReloader
"GET /admin/auth/group/add/ HTTP/1.1" 200 19540
"GET /admin/jsi18n/ HTTP/1.1" 200 3342
"GET /static/admin/js/SelectBox.js HTTP/1.1" 200 4530
"GET /static/admin/js/SelectFilter2.js HTTP/1.1" 200 15492
"GET /static/admin/img/icon-unknown.svg HTTP/1.1" 200 655
"GET /static/admin/img/icon-unknown-alt.svg HTTP/1.1" 200 655
"GET /static/admin/img/selector-icons.svg HTTP/1.1" 200 3291
"POST /admin/auth/group/add/ HTTP/1.1" 302 0
"GET /admin/auth/group/add/ HTTP/1.1" 200 19777
"GET /admin/jsi18n/ HTTP/1.1" 200 3342
E:\Edu\Django\Seminar\DjangoProject\myproject\sem1app1\models.py changed, reloading.
Watching for file changes with StatReloader
"GET /admin/auth/group/add/ HTTP/1.1" 200 19540
"GET /admin/jsi18n/ HTTP/1.1" 200 3342
E:\Edu\Django\Seminar\DjangoProject\myproject\sem1app1\models.py changed, reloading.
Watching for file changes with StatReloader
"GET /admin/auth/group/add/ HTTP/1.1" 200 19579
"GET /admin/jsi18n/ HTTP/1.1" 200 3342
"GET /admin/ HTTP/1.1" 200 11432
"GET /admin/auth/user/add/ HTTP/1.1" 200 13206
"GET /admin/jsi18n/ HTTP/1.1" 200 3342
"POST /admin/auth/user/add/ HTTP/1.1" 302 0
"GET /admin/auth/user/2/change/ HTTP/1.1" 200 29375
"GET /admin/jsi18n/ HTTP/1.1" 200 3342
"GET /static/admin/js/admin/DateTimeShortcuts.js HTTP/1.1" 200 19319
"GET /static/admin/js/calendar.js HTTP/1.1" 200 9141
"GET /static/admin/img/icon-clock.svg HTTP/1.1" 200 677
"GET /static/admin/img/icon-calendar.svg HTTP/1.1" 200 1086
E:\Edu\Django\Seminar\DjangoProject\myproject\sem1app1\admin.py changed, reloading.
Watching for file changes with StatReloader
E:\Edu\Django\Seminar\DjangoProject\myproject\sem1app1\admin.py changed, reloading.
Watching for file changes with StatReloader
E:\Edu\Django\Seminar\DjangoProject\myproject\sem1app1\admin.py changed, reloading.
Watching for file changes with StatReloader
E:\Edu\Django\Seminar\DjangoProject\myproject\sem1app1\admin.py changed, reloading.
Watching for file changes with StatReloader
E:\Edu\Django\Seminar\DjangoProject\myproject\sem1app1\admin.py changed, reloading.
Watching for file changes with StatReloader
E:\Edu\Django\Seminar\DjangoProject\myproject\sem1app1\admin.py changed, reloading.
Watching for file changes with StatReloader
Watching for file changes with StatReloader
E:\Edu\Django\Seminar\DjangoProject\myproject\sem1app1\admin.py changed, reloading.
Watching for file changes with StatReloader
- Broken pipe from ('127.0.0.1', 63248)
"GET /admin/auth/user/ HTTP/1.1" 200 14556
"GET /admin/jsi18n/ HTTP/1.1" 200 3342
"GET /static/admin/img/icon-no.svg HTTP/1.1" 200 560
"GET /admin/auth/user/ HTTP/1.1" 200 14556
"GET /admin/jsi18n/ HTTP/1.1" 200 3342
"GET /admin/auth/user/add/ HTTP/1.1" 200 13206
"GET /admin/jsi18n/ HTTP/1.1" 200 3342
"POST /admin/auth/user/add/ HTTP/1.1" 302 0
"GET /admin/auth/user/3/change/ HTTP/1.1" 200 29370
"GET /admin/jsi18n/ HTTP/1.1" 200 3342
"POST /admin/auth/user/3/change/ HTTP/1.1" 302 0
"GET /admin/auth/user/ HTTP/1.1" 200 15208
"GET /admin/jsi18n/ HTTP/1.1" 200 3342
"GET /admin/auth/user/3/change/ HTTP/1.1" 200 29207
"GET /admin/jsi18n/ HTTP/1.1" 200 3342
"GET /admin/auth/user/ HTTP/1.1" 200 15017
"GET /admin/jsi18n/ HTTP/1.1" 200 3342
"GET /admin/sem1app1/author/ HTTP/1.1" 200 20258
"GET /admin/jsi18n/ HTTP/1.1" 200 3342
"GET /admin/sem1app1/author/10/change/ HTTP/1.1" 200 14048
"GET /admin/jsi18n/ HTTP/1.1" 200 3342
"GET /admin/sem1app1/author/ HTTP/1.1" 200 20258
Internal Server Error: /admin/sem1app1/author/
Traceback (most recent call last):
  File "E:\Edu\Django\Seminar\DjangoProject\.venv\Lib\site-packages\django\db\models\options.py", line 681, in get_field
    return self.fields_map[field_name]
           ~~~~~~~~~~~~~~~^^^^^^^^^^^^
KeyError: 'fist_name'

During handling of the above exception, another exception occurred:

Traceback (most recent call last):
  File "E:\Edu\Django\Seminar\DjangoProject\.venv\Lib\site-packages\django\core\handlers\exception.py", line 55, in inner
    response = get_response(request)
               ^^^^^^^^^^^^^^^^^^^^^
  File "E:\Edu\Django\Seminar\DjangoProject\.venv\Lib\site-packages\django\core\handlers\base.py", line 197, in _get_response
    response = wrapped_callback(request, *callback_args, **callback_kwargs)
               ^^^^^^^^^^^^^^^^^^^^^^^^^^^^^^^^^^^^^^^^^^^^^^^^^^^^^^^^^^^^
  File "E:\Edu\Django\Seminar\DjangoProject\.venv\Lib\site-packages\django\contrib\admin\options.py", line 716, in wrapper
    return self.admin_site.admin_view(view)(*args, **kwargs)
           ^^^^^^^^^^^^^^^^^^^^^^^^^^^^^^^^^^^^^^^^^^^^^^^^^
  File "E:\Edu\Django\Seminar\DjangoProject\.venv\Lib\site-packages\django\utils\decorators.py", line 188, in _view_wrapper
    result = _process_exception(request, e)
             ^^^^^^^^^^^^^^^^^^^^^^^^^^^^^^
  File "E:\Edu\Django\Seminar\DjangoProject\.venv\Lib\site-packages\django\utils\decorators.py", line 186, in _view_wrapper
    response = view_func(request, *args, **kwargs)
               ^^^^^^^^^^^^^^^^^^^^^^^^^^^^^^^^^^^
  File "E:\Edu\Django\Seminar\DjangoProject\.venv\Lib\site-packages\django\views\decorators\cache.py", line 80, in _view_wrapper
    response = view_func(request, *args, **kwargs)
               ^^^^^^^^^^^^^^^^^^^^^^^^^^^^^^^^^^^
  File "E:\Edu\Django\Seminar\DjangoProject\.venv\Lib\site-packages\django\contrib\admin\sites.py", line 240, in inner
    return view(request, *args, **kwargs)
           ^^^^^^^^^^^^^^^^^^^^^^^^^^^^^^
  File "E:\Edu\Django\Seminar\DjangoProject\.venv\Lib\site-packages\django\utils\decorators.py", line 48, in _wrapper
    return bound_method(*args, **kwargs)
           ^^^^^^^^^^^^^^^^^^^^^^^^^^^^^
  File "E:\Edu\Django\Seminar\DjangoProject\.venv\Lib\site-packages\django\utils\decorators.py", line 188, in _view_wrapper
    result = _process_exception(request, e)
             ^^^^^^^^^^^^^^^^^^^^^^^^^^^^^^
  File "E:\Edu\Django\Seminar\DjangoProject\.venv\Lib\site-packages\django\utils\decorators.py", line 186, in _view_wrapper
    response = view_func(request, *args, **kwargs)
               ^^^^^^^^^^^^^^^^^^^^^^^^^^^^^^^^^^^
  File "E:\Edu\Django\Seminar\DjangoProject\.venv\Lib\site-packages\django\contrib\admin\options.py", line 2018, in changelist_view
    response = self.response_action(
               ^^^^^^^^^^^^^^^^^^^^^
  File "E:\Edu\Django\Seminar\DjangoProject\.venv\Lib\site-packages\django\contrib\admin\options.py", line 1650, in response_action
    response = func(self, request, queryset)
               ^^^^^^^^^^^^^^^^^^^^^^^^^^^^^
  File "E:\Edu\Django\Seminar\DjangoProject\myproject\sem1app1\admin.py", line 7, in update_author_name
    queryset.update(fist_name=None)
  File "E:\Edu\Django\Seminar\DjangoProject\.venv\Lib\site-packages\django\db\models\query.py", line 1228, in update
    query.add_update_values(kwargs)
  File "E:\Edu\Django\Seminar\DjangoProject\.venv\Lib\site-packages\django\db\models\sql\subqueries.py", line 88, in add_update_values
    field = self.get_meta().get_field(name)
            ^^^^^^^^^^^^^^^^^^^^^^^^^^^^^^^
  File "E:\Edu\Django\Seminar\DjangoProject\.venv\Lib\site-packages\django\db\models\options.py", line 683, in get_field
    raise FieldDoesNotExist(
django.core.exceptions.FieldDoesNotExist: Author has no field named 'fist_name'
"POST /admin/sem1app1/author/ HTTP/1.1" 500 140279
E:\Edu\Django\Seminar\DjangoProject\myproject\sem1app1\admin.py changed, reloading.
Watching for file changes with StatReloader
"GET /admin/sem1app1/author/ HTTP/1.1" 200 20258
Internal Server Error: /admin/sem1app1/author/
Traceback (most recent call last):
  File "E:\Edu\Django\Seminar\DjangoProject\.venv\Lib\site-packages\django\db\backends\utils.py", line 105, in _execute
    return self.cursor.execute(sql, params)
           ^^^^^^^^^^^^^^^^^^^^^^^^^^^^^^^^
  File "E:\Edu\Django\Seminar\DjangoProject\.venv\Lib\site-packages\django\db\backends\sqlite3\base.py", line 329, in execute
    return super().execute(query, params)
           ^^^^^^^^^^^^^^^^^^^^^^^^^^^^^^
sqlite3.IntegrityError: NOT NULL constraint failed: sem1app1_author.first_name

The above exception was the direct cause of the following exception:

Traceback (most recent call last):
  File "E:\Edu\Django\Seminar\DjangoProject\.venv\Lib\site-packages\django\core\handlers\exception.py", line 55, in inner
    response = get_response(request)
               ^^^^^^^^^^^^^^^^^^^^^
  File "E:\Edu\Django\Seminar\DjangoProject\.venv\Lib\site-packages\django\core\handlers\base.py", line 197, in _get_response
    response = wrapped_callback(request, *callback_args, **callback_kwargs)
               ^^^^^^^^^^^^^^^^^^^^^^^^^^^^^^^^^^^^^^^^^^^^^^^^^^^^^^^^^^^^
  File "E:\Edu\Django\Seminar\DjangoProject\.venv\Lib\site-packages\django\contrib\admin\options.py", line 716, in wrapper
    return self.admin_site.admin_view(view)(*args, **kwargs)
           ^^^^^^^^^^^^^^^^^^^^^^^^^^^^^^^^^^^^^^^^^^^^^^^^^
  File "E:\Edu\Django\Seminar\DjangoProject\.venv\Lib\site-packages\django\utils\decorators.py", line 188, in _view_wrapper
    result = _process_exception(request, e)
             ^^^^^^^^^^^^^^^^^^^^^^^^^^^^^^
  File "E:\Edu\Django\Seminar\DjangoProject\.venv\Lib\site-packages\django\utils\decorators.py", line 186, in _view_wrapper
    response = view_func(request, *args, **kwargs)
               ^^^^^^^^^^^^^^^^^^^^^^^^^^^^^^^^^^^
  File "E:\Edu\Django\Seminar\DjangoProject\.venv\Lib\site-packages\django\views\decorators\cache.py", line 80, in _view_wrapper
    response = view_func(request, *args, **kwargs)
               ^^^^^^^^^^^^^^^^^^^^^^^^^^^^^^^^^^^
  File "E:\Edu\Django\Seminar\DjangoProject\.venv\Lib\site-packages\django\contrib\admin\sites.py", line 240, in inner
    return view(request, *args, **kwargs)
           ^^^^^^^^^^^^^^^^^^^^^^^^^^^^^^
  File "E:\Edu\Django\Seminar\DjangoProject\.venv\Lib\site-packages\django\utils\decorators.py", line 48, in _wrapper
    return bound_method(*args, **kwargs)
           ^^^^^^^^^^^^^^^^^^^^^^^^^^^^^
  File "E:\Edu\Django\Seminar\DjangoProject\.venv\Lib\site-packages\django\utils\decorators.py", line 188, in _view_wrapper
    result = _process_exception(request, e)
             ^^^^^^^^^^^^^^^^^^^^^^^^^^^^^^
  File "E:\Edu\Django\Seminar\DjangoProject\.venv\Lib\site-packages\django\utils\decorators.py", line 186, in _view_wrapper
    response = view_func(request, *args, **kwargs)
               ^^^^^^^^^^^^^^^^^^^^^^^^^^^^^^^^^^^
  File "E:\Edu\Django\Seminar\DjangoProject\.venv\Lib\site-packages\django\contrib\admin\options.py", line 2018, in changelist_view
    response = self.response_action(
               ^^^^^^^^^^^^^^^^^^^^^
  File "E:\Edu\Django\Seminar\DjangoProject\.venv\Lib\site-packages\django\contrib\admin\options.py", line 1650, in response_action
    response = func(self, request, queryset)
               ^^^^^^^^^^^^^^^^^^^^^^^^^^^^^
  File "E:\Edu\Django\Seminar\DjangoProject\myproject\sem1app1\admin.py", line 7, in update_author_name
    queryset.update(first_name=None)
  File "E:\Edu\Django\Seminar\DjangoProject\.venv\Lib\site-packages\django\db\models\query.py", line 1253, in update
    rows = query.get_compiler(self.db).execute_sql(CURSOR)
           ^^^^^^^^^^^^^^^^^^^^^^^^^^^^^^^^^^^^^^^^^^^^^^^
  File "E:\Edu\Django\Seminar\DjangoProject\.venv\Lib\site-packages\django\db\models\sql\compiler.py", line 1990, in execute_sql
    cursor = super().execute_sql(result_type)
             ^^^^^^^^^^^^^^^^^^^^^^^^^^^^^^^^
  File "E:\Edu\Django\Seminar\DjangoProject\.venv\Lib\site-packages\django\db\models\sql\compiler.py", line 1562, in execute_sql
    cursor.execute(sql, params)
  File "E:\Edu\Django\Seminar\DjangoProject\.venv\Lib\site-packages\django\db\backends\utils.py", line 122, in execute
    return super().execute(sql, params)
           ^^^^^^^^^^^^^^^^^^^^^^^^^^^^
  File "E:\Edu\Django\Seminar\DjangoProject\.venv\Lib\site-packages\django\db\backends\utils.py", line 79, in execute
    return self._execute_with_wrappers(
           ^^^^^^^^^^^^^^^^^^^^^^^^^^^^
  File "E:\Edu\Django\Seminar\DjangoProject\.venv\Lib\site-packages\django\db\backends\utils.py", line 92, in _execute_with_wrappers
    return executor(sql, params, many, context)
           ^^^^^^^^^^^^^^^^^^^^^^^^^^^^^^^^^^^^
  File "E:\Edu\Django\Seminar\DjangoProject\.venv\Lib\site-packages\django\db\backends\utils.py", line 100, in _execute
    with self.db.wrap_database_errors:
  File "E:\Edu\Django\Seminar\DjangoProject\.venv\Lib\site-packages\django\db\utils.py", line 91, in __exit__
    raise dj_exc_value.with_traceback(traceback) from exc_value
  File "E:\Edu\Django\Seminar\DjangoProject\.venv\Lib\site-packages\django\db\backends\utils.py", line 105, in _execute
    return self.cursor.execute(sql, params)
           ^^^^^^^^^^^^^^^^^^^^^^^^^^^^^^^^
  File "E:\Edu\Django\Seminar\DjangoProject\.venv\Lib\site-packages\django\db\backends\sqlite3\base.py", line 329, in execute
    return super().execute(query, params)
           ^^^^^^^^^^^^^^^^^^^^^^^^^^^^^^
django.db.utils.IntegrityError: NOT NULL constraint failed: sem1app1_author.first_name
"POST /admin/sem1app1/author/ HTTP/1.1" 500 181298
E:\Edu\Django\Seminar\DjangoProject\myproject\sem1app1\admin.py changed, reloading.
Watching for file changes with StatReloader
"POST /admin/sem1app1/author/ HTTP/1.1" 302 0
"GET /admin/sem1app1/author/ HTTP/1.1" 200 20230
"GET /admin/jsi18n/ HTTP/1.1" 200 3342
E:\Edu\Django\Seminar\DjangoProject\myproject\sem1app1\admin.py changed, reloading.
Watching for file changes with StatReloader
E:\Edu\Django\Seminar\DjangoProject\myproject\sem1app1\admin.py changed, reloading.
Watching for file changes with StatReloader
E:\Edu\Django\Seminar\DjangoProject\myproject\sem1app1\admin.py changed, reloading.
Watching for file changes with StatReloader
"GET /admin/sem1app1/author/ HTTP/1.1" 200 20230
"GET /admin/jsi18n/ HTTP/1.1" 200 3342
Internal Server Error: /admin/sem1app1/author/5/change/
Traceback (most recent call last):
  File "E:\Edu\Django\Seminar\DjangoProject\.venv\Lib\site-packages\django\contrib\admin\options.py", line 837, in get_form
    return modelform_factory(self.model, **defaults)
           ^^^^^^^^^^^^^^^^^^^^^^^^^^^^^^^^^^^^^^^^^
  File "E:\Edu\Django\Seminar\DjangoProject\.venv\Lib\site-packages\django\forms\models.py", line 652, in modelform_factory
    return type(form)(class_name, (form,), form_class_attrs)
           ^^^^^^^^^^^^^^^^^^^^^^^^^^^^^^^^^^^^^^^^^^^^^^^^^
  File "E:\Edu\Django\Seminar\DjangoProject\.venv\Lib\site-packages\django\forms\models.py", line 332, in __new__
    raise FieldError(message)
django.core.exceptions.FieldError: Unknown field(s) (quantity, rating, price, date_added) specified for Author

During handling of the above exception, another exception occurred:

Traceback (most recent call last):
  File "E:\Edu\Django\Seminar\DjangoProject\.venv\Lib\site-packages\django\core\handlers\exception.py", line 55, in inner
    response = get_response(request)
               ^^^^^^^^^^^^^^^^^^^^^
  File "E:\Edu\Django\Seminar\DjangoProject\.venv\Lib\site-packages\django\core\handlers\base.py", line 197, in _get_response
    response = wrapped_callback(request, *callback_args, **callback_kwargs)
               ^^^^^^^^^^^^^^^^^^^^^^^^^^^^^^^^^^^^^^^^^^^^^^^^^^^^^^^^^^^^
  File "E:\Edu\Django\Seminar\DjangoProject\.venv\Lib\site-packages\django\contrib\admin\options.py", line 716, in wrapper
    return self.admin_site.admin_view(view)(*args, **kwargs)
           ^^^^^^^^^^^^^^^^^^^^^^^^^^^^^^^^^^^^^^^^^^^^^^^^^
  File "E:\Edu\Django\Seminar\DjangoProject\.venv\Lib\site-packages\django\utils\decorators.py", line 188, in _view_wrapper
    result = _process_exception(request, e)
             ^^^^^^^^^^^^^^^^^^^^^^^^^^^^^^
  File "E:\Edu\Django\Seminar\DjangoProject\.venv\Lib\site-packages\django\utils\decorators.py", line 186, in _view_wrapper
    response = view_func(request, *args, **kwargs)
               ^^^^^^^^^^^^^^^^^^^^^^^^^^^^^^^^^^^
  File "E:\Edu\Django\Seminar\DjangoProject\.venv\Lib\site-packages\django\views\decorators\cache.py", line 80, in _view_wrapper
    response = view_func(request, *args, **kwargs)
               ^^^^^^^^^^^^^^^^^^^^^^^^^^^^^^^^^^^
  File "E:\Edu\Django\Seminar\DjangoProject\.venv\Lib\site-packages\django\contrib\admin\sites.py", line 240, in inner
    return view(request, *args, **kwargs)
           ^^^^^^^^^^^^^^^^^^^^^^^^^^^^^^
  File "E:\Edu\Django\Seminar\DjangoProject\.venv\Lib\site-packages\django\contrib\admin\options.py", line 1948, in change_view
    return self.changeform_view(request, object_id, form_url, extra_context)
           ^^^^^^^^^^^^^^^^^^^^^^^^^^^^^^^^^^^^^^^^^^^^^^^^^^^^^^^^^^^^^^^^^
  File "E:\Edu\Django\Seminar\DjangoProject\.venv\Lib\site-packages\django\utils\decorators.py", line 48, in _wrapper
    return bound_method(*args, **kwargs)
           ^^^^^^^^^^^^^^^^^^^^^^^^^^^^^
  File "E:\Edu\Django\Seminar\DjangoProject\.venv\Lib\site-packages\django\utils\decorators.py", line 188, in _view_wrapper
    result = _process_exception(request, e)
             ^^^^^^^^^^^^^^^^^^^^^^^^^^^^^^
  File "E:\Edu\Django\Seminar\DjangoProject\.venv\Lib\site-packages\django\utils\decorators.py", line 186, in _view_wrapper
    response = view_func(request, *args, **kwargs)
               ^^^^^^^^^^^^^^^^^^^^^^^^^^^^^^^^^^^
  File "E:\Edu\Django\Seminar\DjangoProject\.venv\Lib\site-packages\django\contrib\admin\options.py", line 1804, in changeform_view
    return self._changeform_view(request, object_id, form_url, extra_context)
           ^^^^^^^^^^^^^^^^^^^^^^^^^^^^^^^^^^^^^^^^^^^^^^^^^^^^^^^^^^^^^^^^^^
  File "E:\Edu\Django\Seminar\DjangoProject\.venv\Lib\site-packages\django\contrib\admin\options.py", line 1839, in _changeform_view
    ModelForm = self.get_form(
                ^^^^^^^^^^^^^^
  File "E:\Edu\Django\Seminar\DjangoProject\.venv\Lib\site-packages\django\contrib\admin\options.py", line 839, in get_form
    raise FieldError(
django.core.exceptions.FieldError: Unknown field(s) (quantity, rating, price, date_added) specified for Author. Check fields/fieldsets/exclude attributes of class AuthorAdmin.
"GET /admin/sem1app1/author/5/change/ HTTP/1.1" 500 150548
E:\Edu\Django\Seminar\DjangoProject\myproject\sem1app1\admin.py changed, reloading.
Watching for file changes with StatReloader
"GET /admin/sem1app1/author/5/change/ HTTP/1.1" 200 12826
"GET /admin/jsi18n/ HTTP/1.1" 200 3342
E:\Edu\Django\Seminar\DjangoProject\myproject\sem1app1\admin.py changed, reloading.
Watching for file changes with StatReloader
E:\Edu\Django\Seminar\DjangoProject\myproject\sem1app1\admin.py changed, reloading.
Watching for file changes with StatReloader
Internal Server Error: /admin/sem1app1/author/5/change/
Traceback (most recent call last):
  File "E:\Edu\Django\Seminar\DjangoProject\.venv\Lib\site-packages\django\contrib\admin\options.py", line 837, in get_form
    return modelform_factory(self.model, **defaults)
           ^^^^^^^^^^^^^^^^^^^^^^^^^^^^^^^^^^^^^^^^^
  File "E:\Edu\Django\Seminar\DjangoProject\.venv\Lib\site-packages\django\forms\models.py", line 652, in modelform_factory
    return type(form)(class_name, (form,), form_class_attrs)
           ^^^^^^^^^^^^^^^^^^^^^^^^^^^^^^^^^^^^^^^^^^^^^^^^^
  File "E:\Edu\Django\Seminar\DjangoProject\.venv\Lib\site-packages\django\forms\models.py", line 332, in __new__
    raise FieldError(message)
django.core.exceptions.FieldError: Unknown field(s) (full_name) specified for Author

During handling of the above exception, another exception occurred:

Traceback (most recent call last):
  File "E:\Edu\Django\Seminar\DjangoProject\.venv\Lib\site-packages\django\core\handlers\exception.py", line 55, in inner
    response = get_response(request)
               ^^^^^^^^^^^^^^^^^^^^^
  File "E:\Edu\Django\Seminar\DjangoProject\.venv\Lib\site-packages\django\core\handlers\base.py", line 197, in _get_response
    response = wrapped_callback(request, *callback_args, **callback_kwargs)
               ^^^^^^^^^^^^^^^^^^^^^^^^^^^^^^^^^^^^^^^^^^^^^^^^^^^^^^^^^^^^
  File "E:\Edu\Django\Seminar\DjangoProject\.venv\Lib\site-packages\django\contrib\admin\options.py", line 716, in wrapper
    return self.admin_site.admin_view(view)(*args, **kwargs)
           ^^^^^^^^^^^^^^^^^^^^^^^^^^^^^^^^^^^^^^^^^^^^^^^^^
  File "E:\Edu\Django\Seminar\DjangoProject\.venv\Lib\site-packages\django\utils\decorators.py", line 188, in _view_wrapper
    result = _process_exception(request, e)
             ^^^^^^^^^^^^^^^^^^^^^^^^^^^^^^
  File "E:\Edu\Django\Seminar\DjangoProject\.venv\Lib\site-packages\django\utils\decorators.py", line 186, in _view_wrapper
    response = view_func(request, *args, **kwargs)
               ^^^^^^^^^^^^^^^^^^^^^^^^^^^^^^^^^^^
  File "E:\Edu\Django\Seminar\DjangoProject\.venv\Lib\site-packages\django\views\decorators\cache.py", line 80, in _view_wrapper
    response = view_func(request, *args, **kwargs)
               ^^^^^^^^^^^^^^^^^^^^^^^^^^^^^^^^^^^
  File "E:\Edu\Django\Seminar\DjangoProject\.venv\Lib\site-packages\django\contrib\admin\sites.py", line 240, in inner
    return view(request, *args, **kwargs)
           ^^^^^^^^^^^^^^^^^^^^^^^^^^^^^^
  File "E:\Edu\Django\Seminar\DjangoProject\.venv\Lib\site-packages\django\contrib\admin\options.py", line 1948, in change_view
    return self.changeform_view(request, object_id, form_url, extra_context)
           ^^^^^^^^^^^^^^^^^^^^^^^^^^^^^^^^^^^^^^^^^^^^^^^^^^^^^^^^^^^^^^^^^
  File "E:\Edu\Django\Seminar\DjangoProject\.venv\Lib\site-packages\django\utils\decorators.py", line 48, in _wrapper
    return bound_method(*args, **kwargs)
           ^^^^^^^^^^^^^^^^^^^^^^^^^^^^^
  File "E:\Edu\Django\Seminar\DjangoProject\.venv\Lib\site-packages\django\utils\decorators.py", line 188, in _view_wrapper
    result = _process_exception(request, e)
             ^^^^^^^^^^^^^^^^^^^^^^^^^^^^^^
  File "E:\Edu\Django\Seminar\DjangoProject\.venv\Lib\site-packages\django\utils\decorators.py", line 186, in _view_wrapper
    response = view_func(request, *args, **kwargs)
               ^^^^^^^^^^^^^^^^^^^^^^^^^^^^^^^^^^^
  File "E:\Edu\Django\Seminar\DjangoProject\.venv\Lib\site-packages\django\contrib\admin\options.py", line 1804, in changeform_view
    return self._changeform_view(request, object_id, form_url, extra_context)
           ^^^^^^^^^^^^^^^^^^^^^^^^^^^^^^^^^^^^^^^^^^^^^^^^^^^^^^^^^^^^^^^^^^
  File "E:\Edu\Django\Seminar\DjangoProject\.venv\Lib\site-packages\django\contrib\admin\options.py", line 1839, in _changeform_view
    ModelForm = self.get_form(
                ^^^^^^^^^^^^^^
  File "E:\Edu\Django\Seminar\DjangoProject\.venv\Lib\site-packages\django\contrib\admin\options.py", line 839, in get_form
    raise FieldError(
django.core.exceptions.FieldError: Unknown field(s) (full_name) specified for Author. Check fields/fieldsets/exclude attributes of class AuthorAdmin.
"GET /admin/sem1app1/author/5/change/ HTTP/1.1" 500 149550
E:\Edu\Django\Seminar\DjangoProject\myproject\sem1app1\admin.py changed, reloading.
Watching for file changes with StatReloader
"GET /admin/sem1app1/author/ HTTP/1.1" 200 20230
Internal Server Error: /admin/thirdapp/author/
Traceback (most recent call last):
  File "E:\Edu\Django\Seminar\DjangoProject\.venv\Lib\site-packages\django\db\backends\utils.py", line 105, in _execute
    return self.cursor.execute(sql, params)
           ^^^^^^^^^^^^^^^^^^^^^^^^^^^^^^^^
  File "E:\Edu\Django\Seminar\DjangoProject\.venv\Lib\site-packages\django\db\backends\sqlite3\base.py", line 329, in execute
    return super().execute(query, params)
           ^^^^^^^^^^^^^^^^^^^^^^^^^^^^^^
sqlite3.OperationalError: no such column: thirdapp_author.first_name

The above exception was the direct cause of the following exception:

Traceback (most recent call last):
  File "E:\Edu\Django\Seminar\DjangoProject\.venv\Lib\site-packages\django\core\handlers\exception.py", line 55, in inner
    response = get_response(request)
               ^^^^^^^^^^^^^^^^^^^^^
  File "E:\Edu\Django\Seminar\DjangoProject\.venv\Lib\site-packages\django\core\handlers\base.py", line 197, in _get_response
    response = wrapped_callback(request, *callback_args, **callback_kwargs)
               ^^^^^^^^^^^^^^^^^^^^^^^^^^^^^^^^^^^^^^^^^^^^^^^^^^^^^^^^^^^^
  File "E:\Edu\Django\Seminar\DjangoProject\.venv\Lib\site-packages\django\contrib\admin\options.py", line 716, in wrapper
    return self.admin_site.admin_view(view)(*args, **kwargs)
           ^^^^^^^^^^^^^^^^^^^^^^^^^^^^^^^^^^^^^^^^^^^^^^^^^
  File "E:\Edu\Django\Seminar\DjangoProject\.venv\Lib\site-packages\django\utils\decorators.py", line 188, in _view_wrapper
    result = _process_exception(request, e)
             ^^^^^^^^^^^^^^^^^^^^^^^^^^^^^^
  File "E:\Edu\Django\Seminar\DjangoProject\.venv\Lib\site-packages\django\utils\decorators.py", line 186, in _view_wrapper
    response = view_func(request, *args, **kwargs)
               ^^^^^^^^^^^^^^^^^^^^^^^^^^^^^^^^^^^
  File "E:\Edu\Django\Seminar\DjangoProject\.venv\Lib\site-packages\django\views\decorators\cache.py", line 80, in _view_wrapper
    response = view_func(request, *args, **kwargs)
               ^^^^^^^^^^^^^^^^^^^^^^^^^^^^^^^^^^^
  File "E:\Edu\Django\Seminar\DjangoProject\.venv\Lib\site-packages\django\contrib\admin\sites.py", line 240, in inner
    return view(request, *args, **kwargs)
           ^^^^^^^^^^^^^^^^^^^^^^^^^^^^^^
  File "E:\Edu\Django\Seminar\DjangoProject\.venv\Lib\site-packages\django\utils\decorators.py", line 48, in _wrapper
    return bound_method(*args, **kwargs)
           ^^^^^^^^^^^^^^^^^^^^^^^^^^^^^
  File "E:\Edu\Django\Seminar\DjangoProject\.venv\Lib\site-packages\django\utils\decorators.py", line 188, in _view_wrapper
    result = _process_exception(request, e)
             ^^^^^^^^^^^^^^^^^^^^^^^^^^^^^^
  File "E:\Edu\Django\Seminar\DjangoProject\.venv\Lib\site-packages\django\utils\decorators.py", line 186, in _view_wrapper
    response = view_func(request, *args, **kwargs)
               ^^^^^^^^^^^^^^^^^^^^^^^^^^^^^^^^^^^
  File "E:\Edu\Django\Seminar\DjangoProject\.venv\Lib\site-packages\django\contrib\admin\options.py", line 2124, in changelist_view
    "selection_note": _("0 of %(cnt)s selected") % {"cnt": len(cl.result_list)},
                                                           ^^^^^^^^^^^^^^^^^^^
  File "E:\Edu\Django\Seminar\DjangoProject\.venv\Lib\site-packages\django\db\models\query.py", line 382, in __len__
    self._fetch_all()
  File "E:\Edu\Django\Seminar\DjangoProject\.venv\Lib\site-packages\django\db\models\query.py", line 1928, in _fetch_all
    self._result_cache = list(self._iterable_class(self))
                         ^^^^^^^^^^^^^^^^^^^^^^^^^^^^^^^^
  File "E:\Edu\Django\Seminar\DjangoProject\.venv\Lib\site-packages\django\db\models\query.py", line 91, in __iter__
    results = compiler.execute_sql(
              ^^^^^^^^^^^^^^^^^^^^^
  File "E:\Edu\Django\Seminar\DjangoProject\.venv\Lib\site-packages\django\db\models\sql\compiler.py", line 1562, in execute_sql
    cursor.execute(sql, params)
  File "E:\Edu\Django\Seminar\DjangoProject\.venv\Lib\site-packages\django\db\backends\utils.py", line 122, in execute
    return super().execute(sql, params)
           ^^^^^^^^^^^^^^^^^^^^^^^^^^^^
  File "E:\Edu\Django\Seminar\DjangoProject\.venv\Lib\site-packages\django\db\backends\utils.py", line 79, in execute
    return self._execute_with_wrappers(
           ^^^^^^^^^^^^^^^^^^^^^^^^^^^^
  File "E:\Edu\Django\Seminar\DjangoProject\.venv\Lib\site-packages\django\db\backends\utils.py", line 92, in _execute_with_wrappers
    return executor(sql, params, many, context)
           ^^^^^^^^^^^^^^^^^^^^^^^^^^^^^^^^^^^^
  File "E:\Edu\Django\Seminar\DjangoProject\.venv\Lib\site-packages\django\db\backends\utils.py", line 100, in _execute
    with self.db.wrap_database_errors:
  File "E:\Edu\Django\Seminar\DjangoProject\.venv\Lib\site-packages\django\db\utils.py", line 91, in __exit__
    raise dj_exc_value.with_traceback(traceback) from exc_value
  File "E:\Edu\Django\Seminar\DjangoProject\.venv\Lib\site-packages\django\db\backends\utils.py", line 105, in _execute
    return self.cursor.execute(sql, params)
           ^^^^^^^^^^^^^^^^^^^^^^^^^^^^^^^^
  File "E:\Edu\Django\Seminar\DjangoProject\.venv\Lib\site-packages\django\db\backends\sqlite3\base.py", line 329, in execute
    return super().execute(query, params)
           ^^^^^^^^^^^^^^^^^^^^^^^^^^^^^^
django.db.utils.OperationalError: no such column: thirdapp_author.first_name
"GET /admin/thirdapp/author/ HTTP/1.1" 500 175947
"GET /admin/sem1app1/author/ HTTP/1.1" 200 20230
"GET /admin/sem1app1/author/ HTTP/1.1" 200 20230
"GET /static/admin/css/changelists.css HTTP/1.1" 304 0
"GET /static/admin/css/dark_mode.css HTTP/1.1" 304 0
"GET /static/admin/css/base.css HTTP/1.1" 304 0
"GET /static/admin/css/nav_sidebar.css HTTP/1.1" 304 0
"GET /static/admin/js/vendor/jquery/jquery.js HTTP/1.1" 304 0
"GET /static/admin/js/jquery.init.js HTTP/1.1" 304 0
"GET /static/admin/css/responsive.css HTTP/1.1" 304 0
"GET /static/admin/js/core.js HTTP/1.1" 304 0
"GET /static/admin/js/admin/RelatedObjectLookups.js HTTP/1.1" 304 0
"GET /static/admin/js/urlify.js HTTP/1.1" 304 0
"GET /static/admin/js/prepopulate.js HTTP/1.1" 304 0
"GET /static/admin/js/actions.js HTTP/1.1" 304 0
"GET /static/admin/js/vendor/xregexp/xregexp.js HTTP/1.1" 304 0
"GET /static/admin/img/search.svg HTTP/1.1" 304 0
"GET /admin/jsi18n/ HTTP/1.1" 200 3342
"GET /static/admin/js/theme.js HTTP/1.1" 304 0
"GET /static/admin/js/nav_sidebar.js HTTP/1.1" 304 0
"GET /static/admin/js/filters.js HTTP/1.1" 304 0
Internal Server Error: /admin/sem1app1/author/5/change/
Traceback (most recent call last):
  File "E:\Edu\Django\Seminar\DjangoProject\.venv\Lib\site-packages\django\core\handlers\exception.py", line 55, in inner
    response = get_response(request)
               ^^^^^^^^^^^^^^^^^^^^^
  File "E:\Edu\Django\Seminar\DjangoProject\.venv\Lib\site-packages\django\core\handlers\base.py", line 197, in _get_response
    response = wrapped_callback(request, *callback_args, **callback_kwargs)
               ^^^^^^^^^^^^^^^^^^^^^^^^^^^^^^^^^^^^^^^^^^^^^^^^^^^^^^^^^^^^
  File "E:\Edu\Django\Seminar\DjangoProject\.venv\Lib\site-packages\django\contrib\admin\options.py", line 716, in wrapper
    return self.admin_site.admin_view(view)(*args, **kwargs)
           ^^^^^^^^^^^^^^^^^^^^^^^^^^^^^^^^^^^^^^^^^^^^^^^^^
  File "E:\Edu\Django\Seminar\DjangoProject\.venv\Lib\site-packages\django\utils\decorators.py", line 188, in _view_wrapper
    result = _process_exception(request, e)
             ^^^^^^^^^^^^^^^^^^^^^^^^^^^^^^
  File "E:\Edu\Django\Seminar\DjangoProject\.venv\Lib\site-packages\django\utils\decorators.py", line 186, in _view_wrapper
    response = view_func(request, *args, **kwargs)
               ^^^^^^^^^^^^^^^^^^^^^^^^^^^^^^^^^^^
  File "E:\Edu\Django\Seminar\DjangoProject\.venv\Lib\site-packages\django\views\decorators\cache.py", line 80, in _view_wrapper
    response = view_func(request, *args, **kwargs)
               ^^^^^^^^^^^^^^^^^^^^^^^^^^^^^^^^^^^
  File "E:\Edu\Django\Seminar\DjangoProject\.venv\Lib\site-packages\django\contrib\admin\sites.py", line 240, in inner
    return view(request, *args, **kwargs)
           ^^^^^^^^^^^^^^^^^^^^^^^^^^^^^^
  File "E:\Edu\Django\Seminar\DjangoProject\.venv\Lib\site-packages\django\contrib\admin\options.py", line 1948, in change_view
    return self.changeform_view(request, object_id, form_url, extra_context)
           ^^^^^^^^^^^^^^^^^^^^^^^^^^^^^^^^^^^^^^^^^^^^^^^^^^^^^^^^^^^^^^^^^
  File "E:\Edu\Django\Seminar\DjangoProject\.venv\Lib\site-packages\django\utils\decorators.py", line 48, in _wrapper
    return bound_method(*args, **kwargs)
           ^^^^^^^^^^^^^^^^^^^^^^^^^^^^^
  File "E:\Edu\Django\Seminar\DjangoProject\.venv\Lib\site-packages\django\utils\decorators.py", line 188, in _view_wrapper
    result = _process_exception(request, e)
             ^^^^^^^^^^^^^^^^^^^^^^^^^^^^^^
  File "E:\Edu\Django\Seminar\DjangoProject\.venv\Lib\site-packages\django\utils\decorators.py", line 186, in _view_wrapper
    response = view_func(request, *args, **kwargs)
               ^^^^^^^^^^^^^^^^^^^^^^^^^^^^^^^^^^^
  File "E:\Edu\Django\Seminar\DjangoProject\.venv\Lib\site-packages\django\contrib\admin\options.py", line 1804, in changeform_view
    return self._changeform_view(request, object_id, form_url, extra_context)
           ^^^^^^^^^^^^^^^^^^^^^^^^^^^^^^^^^^^^^^^^^^^^^^^^^^^^^^^^^^^^^^^^^^
  File "E:\Edu\Django\Seminar\DjangoProject\.venv\Lib\site-packages\django\contrib\admin\options.py", line 1839, in _changeform_view
    ModelForm = self.get_form(
                ^^^^^^^^^^^^^^
  File "E:\Edu\Django\Seminar\DjangoProject\.venv\Lib\site-packages\django\contrib\admin\options.py", line 837, in get_form
    return modelform_factory(self.model, **defaults)
           ^^^^^^^^^^^^^^^^^^^^^^^^^^^^^^^^^^^^^^^^^
  File "E:\Edu\Django\Seminar\DjangoProject\.venv\Lib\site-packages\django\forms\models.py", line 652, in modelform_factory
    return type(form)(class_name, (form,), form_class_attrs)
           ^^^^^^^^^^^^^^^^^^^^^^^^^^^^^^^^^^^^^^^^^^^^^^^^^
  File "E:\Edu\Django\Seminar\DjangoProject\.venv\Lib\site-packages\django\forms\models.py", line 331, in __new__
    message %= (", ".join(missing_fields), opts.model.__name__)
                ^^^^^^^^^^^^^^^^^^^^^^^^^
TypeError: sequence item 0: expected str instance, function found
"GET /admin/sem1app1/author/5/change/ HTTP/1.1" 500 142817
"GET /admin/sem1app1/author/ HTTP/1.1" 200 20230
E:\Edu\Django\Seminar\DjangoProject\myproject\sem1app1\admin.py changed, reloading.
Watching for file changes with StatReloader
E:\Edu\Django\Seminar\DjangoProject\myproject\sem1app1\admin.py changed, reloading.
Watching for file changes with StatReloader
E:\Edu\Django\Seminar\DjangoProject\myproject\sem1app1\admin.py changed, reloading.
Watching for file changes with StatReloader
E:\Edu\Django\Seminar\DjangoProject\myproject\sem1app1\admin.py changed, reloading.
Watching for file changes with StatReloader
Watching for file changes with StatReloader
"GET /admin/sem1app1/post/ HTTP/1.1" 200 53716
"GET /static/admin/img/icon-yes.svg HTTP/1.1" 304 0
"GET /admin/jsi18n/ HTTP/1.1" 200 3342
"GET /static/admin/img/tooltag-add.svg HTTP/1.1" 304 0
"GET /static/admin/img/icon-addlink.svg HTTP/1.1" 304 0
E:\Edu\Django\Seminar\DjangoProject\myproject\sem1app1\admin.py changed, reloading.
Watching for file changes with StatReloader
E:\Edu\Django\Seminar\DjangoProject\myproject\sem1app1\admin.py changed, reloading.
Watching for file changes with StatReloader
E:\Edu\Django\Seminar\DjangoProject\myproject\sem1app1\admin.py changed, reloading.
Watching for file changes with StatReloader
E:\Edu\Django\Seminar\DjangoProject\myproject\sem1app1\admin.py changed, reloading.
Watching for file changes with StatReloader
E:\Edu\Django\Seminar\DjangoProject\myproject\sem1app1\admin.py changed, reloading.
Watching for file changes with StatReloader
E:\Edu\Django\Seminar\DjangoProject\myproject\sem1app1\admin_mixins.py changed, reloading.
Watching for file changes with StatReloader
E:\Edu\Django\Seminar\DjangoProject\myproject\sem1app1\admin_mixins.py changed, reloading.
Watching for file changes with StatReloader
E:\Edu\Django\Seminar\DjangoProject\myproject\sem1app1\admin_mixins.py changed, reloading.
Watching for file changes with StatReloader
E:\Edu\Django\Seminar\DjangoProject\myproject\sem1app1\admin_mixins.py changed, reloading.
Watching for file changes with StatReloader
E:\Edu\Django\Seminar\DjangoProject\myproject\sem1app1\admin_mixins.py changed, reloading.
Watching for file changes with StatReloader
E:\Edu\Django\Seminar\DjangoProject\myproject\sem1app1\admin_mixins.py changed, reloading.
Watching for file changes with StatReloader
E:\Edu\Django\Seminar\DjangoProject\myproject\sem1app1\admin_mixins.py changed, reloading.
Watching for file changes with StatReloader
E:\Edu\Django\Seminar\DjangoProject\myproject\sem1app1\admin_mixins.py changed, reloading.
Watching for file changes with StatReloader
E:\Edu\Django\Seminar\DjangoProject\myproject\sem1app1\admin_mixins.py changed, reloading.
Watching for file changes with StatReloader
E:\Edu\Django\Seminar\DjangoProject\myproject\sem1app1\admin_mixins.py changed, reloading.
Watching for file changes with StatReloader
E:\Edu\Django\Seminar\DjangoProject\myproject\sem1app1\admin_mixins.py changed, reloading.
Watching for file changes with StatReloader
E:\Edu\Django\Seminar\DjangoProject\myproject\sem1app1\admin_mixins.py changed, reloading.
Watching for file changes with StatReloader
E:\Edu\Django\Seminar\DjangoProject\myproject\sem1app1\admin_mixins.py changed, reloading.
Watching for file changes with StatReloader
E:\Edu\Django\Seminar\DjangoProject\myproject\sem1app1\admin_mixins.py changed, reloading.
Watching for file changes with StatReloader
E:\Edu\Django\Seminar\DjangoProject\myproject\sem1app1\admin_mixins.py changed, reloading.
Watching for file changes with StatReloader
E:\Edu\Django\Seminar\DjangoProject\myproject\sem1app1\admin_mixins.py changed, reloading.
Watching for file changes with StatReloader
E:\Edu\Django\Seminar\DjangoProject\myproject\sem1app1\admin_mixins.py changed, reloading.
Watching for file changes with StatReloader
E:\Edu\Django\Seminar\DjangoProject\myproject\sem1app1\admin_mixins.py changed, reloading.
Watching for file changes with StatReloader
E:\Edu\Django\Seminar\DjangoProject\myproject\sem1app1\admin_mixins.py changed, reloading.
Watching for file changes with StatReloader
E:\Edu\Django\Seminar\DjangoProject\myproject\sem1app1\admin_mixins.py changed, reloading.
Watching for file changes with StatReloader
E:\Edu\Django\Seminar\DjangoProject\myproject\sem1app1\admin_mixins.py changed, reloading.
Watching for file changes with StatReloader
E:\Edu\Django\Seminar\DjangoProject\myproject\sem1app1\admin_mixins.py changed, reloading.
Watching for file changes with StatReloader
E:\Edu\Django\Seminar\DjangoProject\myproject\sem1app1\admin_mixins.py changed, reloading.
Watching for file changes with StatReloader
E:\Edu\Django\Seminar\DjangoProject\myproject\sem1app1\admin_mixins.py changed, reloading.
Watching for file changes with StatReloader
E:\Edu\Django\Seminar\DjangoProject\myproject\sem1app1\admin_mixins.py changed, reloading.
Watching for file changes with StatReloader
E:\Edu\Django\Seminar\DjangoProject\myproject\sem1app1\admin_mixins.py changed, reloading.
Watching for file changes with StatReloader
E:\Edu\Django\Seminar\DjangoProject\myproject\sem1app1\admin_mixins.py changed, reloading.
Watching for file changes with StatReloader
E:\Edu\Django\Seminar\DjangoProject\myproject\sem1app1\admin_mixins.py changed, reloading.
Watching for file changes with StatReloader
E:\Edu\Django\Seminar\DjangoProject\myproject\sem1app1\admin_mixins.py changed, reloading.
Watching for file changes with StatReloader
E:\Edu\Django\Seminar\DjangoProject\myproject\sem1app1\admin_mixins.py changed, reloading.
Watching for file changes with StatReloader
E:\Edu\Django\Seminar\DjangoProject\myproject\sem1app1\admin_mixins.py changed, reloading.
Watching for file changes with StatReloader
E:\Edu\Django\Seminar\DjangoProject\myproject\sem1app1\admin_mixins.py changed, reloading.
Watching for file changes with StatReloader
E:\Edu\Django\Seminar\DjangoProject\myproject\sem1app1\admin_mixins.py changed, reloading.
Watching for file changes with StatReloader
E:\Edu\Django\Seminar\DjangoProject\myproject\sem1app1\admin_mixins.py changed, reloading.
Watching for file changes with StatReloader
E:\Edu\Django\Seminar\DjangoProject\myproject\sem1app1\admin_mixins.py changed, reloading.
Watching for file changes with StatReloader
E:\Edu\Django\Seminar\DjangoProject\myproject\sem1app1\admin_mixins.py changed, reloading.
Watching for file changes with StatReloader
E:\Edu\Django\Seminar\DjangoProject\myproject\sem1app1\admin_mixins.py changed, reloading.
Watching for file changes with StatReloader
E:\Edu\Django\Seminar\DjangoProject\myproject\sem1app1\admin_mixins.py changed, reloading.
Watching for file changes with StatReloader
E:\Edu\Django\Seminar\DjangoProject\myproject\sem1app1\admin_mixins.py changed, reloading.
Watching for file changes with StatReloader
E:\Edu\Django\Seminar\DjangoProject\myproject\sem1app1\admin_mixins.py changed, reloading.
Watching for file changes with StatReloader
E:\Edu\Django\Seminar\DjangoProject\myproject\sem1app1\admin_mixins.py changed, reloading.
Watching for file changes with StatReloader
E:\Edu\Django\Seminar\DjangoProject\myproject\sem1app1\admin_mixins.py changed, reloading.
Watching for file changes with StatReloader
E:\Edu\Django\Seminar\DjangoProject\myproject\sem1app1\admin_mixins.py changed, reloading.
Watching for file changes with StatReloader
E:\Edu\Django\Seminar\DjangoProject\myproject\sem1app1\admin_mixins.py changed, reloading.
Watching for file changes with StatReloader
E:\Edu\Django\Seminar\DjangoProject\myproject\sem1app1\admin_mixins.py changed, reloading.
Watching for file changes with StatReloader
Internal Server Error: /admin/thirdapp/post/
Traceback (most recent call last):
  File "E:\Edu\Django\Seminar\DjangoProject\.venv\Lib\site-packages\django\db\backends\utils.py", line 105, in _execute
    return self.cursor.execute(sql, params)
           ^^^^^^^^^^^^^^^^^^^^^^^^^^^^^^^^
  File "E:\Edu\Django\Seminar\DjangoProject\.venv\Lib\site-packages\django\db\backends\sqlite3\base.py", line 329, in execute
    return super().execute(query, params)
           ^^^^^^^^^^^^^^^^^^^^^^^^^^^^^^
sqlite3.OperationalError: no such column: thirdapp_post.date

The above exception was the direct cause of the following exception:

Traceback (most recent call last):
  File "E:\Edu\Django\Seminar\DjangoProject\.venv\Lib\site-packages\django\core\handlers\exception.py", line 55, in inner
    response = get_response(request)
               ^^^^^^^^^^^^^^^^^^^^^
  File "E:\Edu\Django\Seminar\DjangoProject\.venv\Lib\site-packages\django\core\handlers\base.py", line 197, in _get_response
    response = wrapped_callback(request, *callback_args, **callback_kwargs)
               ^^^^^^^^^^^^^^^^^^^^^^^^^^^^^^^^^^^^^^^^^^^^^^^^^^^^^^^^^^^^
  File "E:\Edu\Django\Seminar\DjangoProject\.venv\Lib\site-packages\django\contrib\admin\options.py", line 716, in wrapper
    return self.admin_site.admin_view(view)(*args, **kwargs)
           ^^^^^^^^^^^^^^^^^^^^^^^^^^^^^^^^^^^^^^^^^^^^^^^^^
  File "E:\Edu\Django\Seminar\DjangoProject\.venv\Lib\site-packages\django\utils\decorators.py", line 188, in _view_wrapper
    result = _process_exception(request, e)
             ^^^^^^^^^^^^^^^^^^^^^^^^^^^^^^
  File "E:\Edu\Django\Seminar\DjangoProject\.venv\Lib\site-packages\django\utils\decorators.py", line 186, in _view_wrapper
    response = view_func(request, *args, **kwargs)
               ^^^^^^^^^^^^^^^^^^^^^^^^^^^^^^^^^^^
  File "E:\Edu\Django\Seminar\DjangoProject\.venv\Lib\site-packages\django\views\decorators\cache.py", line 80, in _view_wrapper
    response = view_func(request, *args, **kwargs)
               ^^^^^^^^^^^^^^^^^^^^^^^^^^^^^^^^^^^
  File "E:\Edu\Django\Seminar\DjangoProject\.venv\Lib\site-packages\django\contrib\admin\sites.py", line 240, in inner
    return view(request, *args, **kwargs)
           ^^^^^^^^^^^^^^^^^^^^^^^^^^^^^^
  File "E:\Edu\Django\Seminar\DjangoProject\.venv\Lib\site-packages\django\utils\decorators.py", line 48, in _wrapper
    return bound_method(*args, **kwargs)
           ^^^^^^^^^^^^^^^^^^^^^^^^^^^^^
  File "E:\Edu\Django\Seminar\DjangoProject\.venv\Lib\site-packages\django\utils\decorators.py", line 188, in _view_wrapper
    result = _process_exception(request, e)
             ^^^^^^^^^^^^^^^^^^^^^^^^^^^^^^
  File "E:\Edu\Django\Seminar\DjangoProject\.venv\Lib\site-packages\django\utils\decorators.py", line 186, in _view_wrapper
    response = view_func(request, *args, **kwargs)
               ^^^^^^^^^^^^^^^^^^^^^^^^^^^^^^^^^^^
  File "E:\Edu\Django\Seminar\DjangoProject\.venv\Lib\site-packages\django\contrib\admin\options.py", line 2124, in changelist_view
    "selection_note": _("0 of %(cnt)s selected") % {"cnt": len(cl.result_list)},
                                                           ^^^^^^^^^^^^^^^^^^^
  File "E:\Edu\Django\Seminar\DjangoProject\.venv\Lib\site-packages\django\db\models\query.py", line 382, in __len__
    self._fetch_all()
  File "E:\Edu\Django\Seminar\DjangoProject\.venv\Lib\site-packages\django\db\models\query.py", line 1928, in _fetch_all
    self._result_cache = list(self._iterable_class(self))
                         ^^^^^^^^^^^^^^^^^^^^^^^^^^^^^^^^
  File "E:\Edu\Django\Seminar\DjangoProject\.venv\Lib\site-packages\django\db\models\query.py", line 91, in __iter__
    results = compiler.execute_sql(
              ^^^^^^^^^^^^^^^^^^^^^
  File "E:\Edu\Django\Seminar\DjangoProject\.venv\Lib\site-packages\django\db\models\sql\compiler.py", line 1562, in execute_sql
    cursor.execute(sql, params)
  File "E:\Edu\Django\Seminar\DjangoProject\.venv\Lib\site-packages\django\db\backends\utils.py", line 122, in execute
    return super().execute(sql, params)
           ^^^^^^^^^^^^^^^^^^^^^^^^^^^^
  File "E:\Edu\Django\Seminar\DjangoProject\.venv\Lib\site-packages\django\db\backends\utils.py", line 79, in execute
    return self._execute_with_wrappers(
           ^^^^^^^^^^^^^^^^^^^^^^^^^^^^
  File "E:\Edu\Django\Seminar\DjangoProject\.venv\Lib\site-packages\django\db\backends\utils.py", line 92, in _execute_with_wrappers
    return executor(sql, params, many, context)
           ^^^^^^^^^^^^^^^^^^^^^^^^^^^^^^^^^^^^
  File "E:\Edu\Django\Seminar\DjangoProject\.venv\Lib\site-packages\django\db\backends\utils.py", line 100, in _execute
    with self.db.wrap_database_errors:
  File "E:\Edu\Django\Seminar\DjangoProject\.venv\Lib\site-packages\django\db\utils.py", line 91, in __exit__
    raise dj_exc_value.with_traceback(traceback) from exc_value
  File "E:\Edu\Django\Seminar\DjangoProject\.venv\Lib\site-packages\django\db\backends\utils.py", line 105, in _execute
    return self.cursor.execute(sql, params)
           ^^^^^^^^^^^^^^^^^^^^^^^^^^^^^^^^
  File "E:\Edu\Django\Seminar\DjangoProject\.venv\Lib\site-packages\django\db\backends\sqlite3\base.py", line 329, in execute
    return super().execute(query, params)
           ^^^^^^^^^^^^^^^^^^^^^^^^^^^^^^
django.db.utils.OperationalError: no such column: thirdapp_post.date
"GET /admin/thirdapp/post/ HTTP/1.1" 500 176638
E:\Edu\Django\Seminar\DjangoProject\myproject\sem1app1\admin.py changed, reloading.
Watching for file changes with StatReloader
Internal Server Error: /admin/thirdapp/post/
Traceback (most recent call last):
  File "E:\Edu\Django\Seminar\DjangoProject\.venv\Lib\site-packages\django\db\backends\utils.py", line 105, in _execute
    return self.cursor.execute(sql, params)
           ^^^^^^^^^^^^^^^^^^^^^^^^^^^^^^^^
  File "E:\Edu\Django\Seminar\DjangoProject\.venv\Lib\site-packages\django\db\backends\sqlite3\base.py", line 329, in execute
    return super().execute(query, params)
           ^^^^^^^^^^^^^^^^^^^^^^^^^^^^^^
sqlite3.OperationalError: no such column: thirdapp_post.date

The above exception was the direct cause of the following exception:

Traceback (most recent call last):
  File "E:\Edu\Django\Seminar\DjangoProject\.venv\Lib\site-packages\django\core\handlers\exception.py", line 55, in inner
    response = get_response(request)
               ^^^^^^^^^^^^^^^^^^^^^
  File "E:\Edu\Django\Seminar\DjangoProject\.venv\Lib\site-packages\django\core\handlers\base.py", line 197, in _get_response
    response = wrapped_callback(request, *callback_args, **callback_kwargs)
               ^^^^^^^^^^^^^^^^^^^^^^^^^^^^^^^^^^^^^^^^^^^^^^^^^^^^^^^^^^^^
  File "E:\Edu\Django\Seminar\DjangoProject\.venv\Lib\site-packages\django\contrib\admin\options.py", line 716, in wrapper
    return self.admin_site.admin_view(view)(*args, **kwargs)
           ^^^^^^^^^^^^^^^^^^^^^^^^^^^^^^^^^^^^^^^^^^^^^^^^^
  File "E:\Edu\Django\Seminar\DjangoProject\.venv\Lib\site-packages\django\utils\decorators.py", line 188, in _view_wrapper
    result = _process_exception(request, e)
             ^^^^^^^^^^^^^^^^^^^^^^^^^^^^^^
  File "E:\Edu\Django\Seminar\DjangoProject\.venv\Lib\site-packages\django\utils\decorators.py", line 186, in _view_wrapper
    response = view_func(request, *args, **kwargs)
               ^^^^^^^^^^^^^^^^^^^^^^^^^^^^^^^^^^^
  File "E:\Edu\Django\Seminar\DjangoProject\.venv\Lib\site-packages\django\views\decorators\cache.py", line 80, in _view_wrapper
    response = view_func(request, *args, **kwargs)
               ^^^^^^^^^^^^^^^^^^^^^^^^^^^^^^^^^^^
  File "E:\Edu\Django\Seminar\DjangoProject\.venv\Lib\site-packages\django\contrib\admin\sites.py", line 240, in inner
    return view(request, *args, **kwargs)
           ^^^^^^^^^^^^^^^^^^^^^^^^^^^^^^
  File "E:\Edu\Django\Seminar\DjangoProject\.venv\Lib\site-packages\django\utils\decorators.py", line 48, in _wrapper
    return bound_method(*args, **kwargs)
           ^^^^^^^^^^^^^^^^^^^^^^^^^^^^^
  File "E:\Edu\Django\Seminar\DjangoProject\.venv\Lib\site-packages\django\utils\decorators.py", line 188, in _view_wrapper
    result = _process_exception(request, e)
             ^^^^^^^^^^^^^^^^^^^^^^^^^^^^^^
  File "E:\Edu\Django\Seminar\DjangoProject\.venv\Lib\site-packages\django\utils\decorators.py", line 186, in _view_wrapper
    response = view_func(request, *args, **kwargs)
               ^^^^^^^^^^^^^^^^^^^^^^^^^^^^^^^^^^^
  File "E:\Edu\Django\Seminar\DjangoProject\.venv\Lib\site-packages\django\contrib\admin\options.py", line 2124, in changelist_view
    "selection_note": _("0 of %(cnt)s selected") % {"cnt": len(cl.result_list)},
                                                           ^^^^^^^^^^^^^^^^^^^
  File "E:\Edu\Django\Seminar\DjangoProject\.venv\Lib\site-packages\django\db\models\query.py", line 382, in __len__
    self._fetch_all()
  File "E:\Edu\Django\Seminar\DjangoProject\.venv\Lib\site-packages\django\db\models\query.py", line 1928, in _fetch_all
    self._result_cache = list(self._iterable_class(self))
                         ^^^^^^^^^^^^^^^^^^^^^^^^^^^^^^^^
  File "E:\Edu\Django\Seminar\DjangoProject\.venv\Lib\site-packages\django\db\models\query.py", line 91, in __iter__
    results = compiler.execute_sql(
              ^^^^^^^^^^^^^^^^^^^^^
  File "E:\Edu\Django\Seminar\DjangoProject\.venv\Lib\site-packages\django\db\models\sql\compiler.py", line 1562, in execute_sql
    cursor.execute(sql, params)
  File "E:\Edu\Django\Seminar\DjangoProject\.venv\Lib\site-packages\django\db\backends\utils.py", line 122, in execute
    return super().execute(sql, params)
           ^^^^^^^^^^^^^^^^^^^^^^^^^^^^
  File "E:\Edu\Django\Seminar\DjangoProject\.venv\Lib\site-packages\django\db\backends\utils.py", line 79, in execute
    return self._execute_with_wrappers(
           ^^^^^^^^^^^^^^^^^^^^^^^^^^^^
  File "E:\Edu\Django\Seminar\DjangoProject\.venv\Lib\site-packages\django\db\backends\utils.py", line 92, in _execute_with_wrappers
    return executor(sql, params, many, context)
           ^^^^^^^^^^^^^^^^^^^^^^^^^^^^^^^^^^^^
  File "E:\Edu\Django\Seminar\DjangoProject\.venv\Lib\site-packages\django\db\backends\utils.py", line 100, in _execute
    with self.db.wrap_database_errors:
  File "E:\Edu\Django\Seminar\DjangoProject\.venv\Lib\site-packages\django\db\utils.py", line 91, in __exit__
    raise dj_exc_value.with_traceback(traceback) from exc_value
  File "E:\Edu\Django\Seminar\DjangoProject\.venv\Lib\site-packages\django\db\backends\utils.py", line 105, in _execute
    return self.cursor.execute(sql, params)
           ^^^^^^^^^^^^^^^^^^^^^^^^^^^^^^^^
  File "E:\Edu\Django\Seminar\DjangoProject\.venv\Lib\site-packages\django\db\backends\sqlite3\base.py", line 329, in execute
    return super().execute(query, params)
           ^^^^^^^^^^^^^^^^^^^^^^^^^^^^^^
django.db.utils.OperationalError: no such column: thirdapp_post.date
"GET /admin/thirdapp/post/ HTTP/1.1" 500 176775
"GET /admin/sem1app1/post/ HTTP/1.1" 200 58015
Internal Server Error: /admin/thirdapp/post/
Traceback (most recent call last):
  File "E:\Edu\Django\Seminar\DjangoProject\.venv\Lib\site-packages\django\db\backends\utils.py", line 105, in _execute
    return self.cursor.execute(sql, params)
           ^^^^^^^^^^^^^^^^^^^^^^^^^^^^^^^^
  File "E:\Edu\Django\Seminar\DjangoProject\.venv\Lib\site-packages\django\db\backends\sqlite3\base.py", line 329, in execute
    return super().execute(query, params)
           ^^^^^^^^^^^^^^^^^^^^^^^^^^^^^^
sqlite3.OperationalError: no such column: thirdapp_post.date

The above exception was the direct cause of the following exception:

Traceback (most recent call last):
  File "E:\Edu\Django\Seminar\DjangoProject\.venv\Lib\site-packages\django\core\handlers\exception.py", line 55, in inner
    response = get_response(request)
               ^^^^^^^^^^^^^^^^^^^^^
  File "E:\Edu\Django\Seminar\DjangoProject\.venv\Lib\site-packages\django\core\handlers\base.py", line 197, in _get_response
    response = wrapped_callback(request, *callback_args, **callback_kwargs)
               ^^^^^^^^^^^^^^^^^^^^^^^^^^^^^^^^^^^^^^^^^^^^^^^^^^^^^^^^^^^^
  File "E:\Edu\Django\Seminar\DjangoProject\.venv\Lib\site-packages\django\contrib\admin\options.py", line 716, in wrapper
    return self.admin_site.admin_view(view)(*args, **kwargs)
           ^^^^^^^^^^^^^^^^^^^^^^^^^^^^^^^^^^^^^^^^^^^^^^^^^
  File "E:\Edu\Django\Seminar\DjangoProject\.venv\Lib\site-packages\django\utils\decorators.py", line 188, in _view_wrapper
    result = _process_exception(request, e)
             ^^^^^^^^^^^^^^^^^^^^^^^^^^^^^^
  File "E:\Edu\Django\Seminar\DjangoProject\.venv\Lib\site-packages\django\utils\decorators.py", line 186, in _view_wrapper
    response = view_func(request, *args, **kwargs)
               ^^^^^^^^^^^^^^^^^^^^^^^^^^^^^^^^^^^
  File "E:\Edu\Django\Seminar\DjangoProject\.venv\Lib\site-packages\django\views\decorators\cache.py", line 80, in _view_wrapper
    response = view_func(request, *args, **kwargs)
               ^^^^^^^^^^^^^^^^^^^^^^^^^^^^^^^^^^^
  File "E:\Edu\Django\Seminar\DjangoProject\.venv\Lib\site-packages\django\contrib\admin\sites.py", line 240, in inner
    return view(request, *args, **kwargs)
           ^^^^^^^^^^^^^^^^^^^^^^^^^^^^^^
  File "E:\Edu\Django\Seminar\DjangoProject\.venv\Lib\site-packages\django\utils\decorators.py", line 48, in _wrapper
    return bound_method(*args, **kwargs)
           ^^^^^^^^^^^^^^^^^^^^^^^^^^^^^
  File "E:\Edu\Django\Seminar\DjangoProject\.venv\Lib\site-packages\django\utils\decorators.py", line 188, in _view_wrapper
    result = _process_exception(request, e)
             ^^^^^^^^^^^^^^^^^^^^^^^^^^^^^^
  File "E:\Edu\Django\Seminar\DjangoProject\.venv\Lib\site-packages\django\utils\decorators.py", line 186, in _view_wrapper
    response = view_func(request, *args, **kwargs)
               ^^^^^^^^^^^^^^^^^^^^^^^^^^^^^^^^^^^
  File "E:\Edu\Django\Seminar\DjangoProject\.venv\Lib\site-packages\django\contrib\admin\options.py", line 2124, in changelist_view
    "selection_note": _("0 of %(cnt)s selected") % {"cnt": len(cl.result_list)},
                                                           ^^^^^^^^^^^^^^^^^^^
  File "E:\Edu\Django\Seminar\DjangoProject\.venv\Lib\site-packages\django\db\models\query.py", line 382, in __len__
    self._fetch_all()
  File "E:\Edu\Django\Seminar\DjangoProject\.venv\Lib\site-packages\django\db\models\query.py", line 1928, in _fetch_all
    self._result_cache = list(self._iterable_class(self))
                         ^^^^^^^^^^^^^^^^^^^^^^^^^^^^^^^^
  File "E:\Edu\Django\Seminar\DjangoProject\.venv\Lib\site-packages\django\db\models\query.py", line 91, in __iter__
    results = compiler.execute_sql(
              ^^^^^^^^^^^^^^^^^^^^^
  File "E:\Edu\Django\Seminar\DjangoProject\.venv\Lib\site-packages\django\db\models\sql\compiler.py", line 1562, in execute_sql
    cursor.execute(sql, params)
  File "E:\Edu\Django\Seminar\DjangoProject\.venv\Lib\site-packages\django\db\backends\utils.py", line 122, in execute
    return super().execute(sql, params)
           ^^^^^^^^^^^^^^^^^^^^^^^^^^^^
  File "E:\Edu\Django\Seminar\DjangoProject\.venv\Lib\site-packages\django\db\backends\utils.py", line 79, in execute
    return self._execute_with_wrappers(
           ^^^^^^^^^^^^^^^^^^^^^^^^^^^^
  File "E:\Edu\Django\Seminar\DjangoProject\.venv\Lib\site-packages\django\db\backends\utils.py", line 92, in _execute_with_wrappers
    return executor(sql, params, many, context)
           ^^^^^^^^^^^^^^^^^^^^^^^^^^^^^^^^^^^^
  File "E:\Edu\Django\Seminar\DjangoProject\.venv\Lib\site-packages\django\db\backends\utils.py", line 100, in _execute
    with self.db.wrap_database_errors:
  File "E:\Edu\Django\Seminar\DjangoProject\.venv\Lib\site-packages\django\db\utils.py", line 91, in __exit__
    raise dj_exc_value.with_traceback(traceback) from exc_value
  File "E:\Edu\Django\Seminar\DjangoProject\.venv\Lib\site-packages\django\db\backends\utils.py", line 105, in _execute
    return self.cursor.execute(sql, params)
           ^^^^^^^^^^^^^^^^^^^^^^^^^^^^^^^^
  File "E:\Edu\Django\Seminar\DjangoProject\.venv\Lib\site-packages\django\db\backends\sqlite3\base.py", line 329, in execute
    return super().execute(query, params)
           ^^^^^^^^^^^^^^^^^^^^^^^^^^^^^^
django.db.utils.OperationalError: no such column: thirdapp_post.date
"GET /admin/thirdapp/post/ HTTP/1.1" 500 176638
E:\Edu\Django\Seminar\DjangoProject\myproject\thirdapp\admin.py changed, reloading.
Watching for file changes with StatReloader
Not Found: /admin/thirdapp/post/
"GET /admin/thirdapp/post/ HTTP/1.1" 404 5373
Not Found: /admin/thirdapp/post/
"GET /admin/thirdapp/post/ HTTP/1.1" 404 5373
Not Found: /admin/thirdapp/post/
"GET /admin/thirdapp/post/ HTTP/1.1" 404 5373
"GET /admin/ HTTP/1.1" 200 11365
"GET /static/admin/css/dashboard.css HTTP/1.1" 304 0
"GET /static/admin/img/icon-changelink.svg HTTP/1.1" 304 0
"GET /admin/sem1app1/post/ HTTP/1.1" 200 57199
"GET /admin/jsi18n/ HTTP/1.1" 200 3342
"POST /admin/sem1app1/post/ HTTP/1.1" 200 20317
E:\Edu\Django\Seminar\DjangoProject\myproject\sem1app1\admin_mixins.py changed, reloading.
Watching for file changes with StatReloader
Watching for file changes with StatReloader
"GET /admin/sem1app1/post/ HTTP/1.1" 200 57199
"GET /admin/jsi18n/ HTTP/1.1" 200 3342
Not Found: /favicon.ico
"GET /favicon.ico HTTP/1.1" 404 2639
Internal Server Error: /admin/sem1app1/post/
Traceback (most recent call last):
  File "E:\Edu\Django\Seminar\DjangoProject\.venv\Lib\site-packages\django\core\handlers\exception.py", line 55, in inner
    response = get_response(request)
               ^^^^^^^^^^^^^^^^^^^^^
  File "E:\Edu\Django\Seminar\DjangoProject\.venv\Lib\site-packages\django\core\handlers\base.py", line 197, in _get_response
    response = wrapped_callback(request, *callback_args, **callback_kwargs)
               ^^^^^^^^^^^^^^^^^^^^^^^^^^^^^^^^^^^^^^^^^^^^^^^^^^^^^^^^^^^^
  File "E:\Edu\Django\Seminar\DjangoProject\.venv\Lib\site-packages\django\contrib\admin\options.py", line 716, in wrapper
    return self.admin_site.admin_view(view)(*args, **kwargs)
           ^^^^^^^^^^^^^^^^^^^^^^^^^^^^^^^^^^^^^^^^^^^^^^^^^
  File "E:\Edu\Django\Seminar\DjangoProject\.venv\Lib\site-packages\django\utils\decorators.py", line 188, in _view_wrapper
    result = _process_exception(request, e)
             ^^^^^^^^^^^^^^^^^^^^^^^^^^^^^^
  File "E:\Edu\Django\Seminar\DjangoProject\.venv\Lib\site-packages\django\utils\decorators.py", line 186, in _view_wrapper
    response = view_func(request, *args, **kwargs)
               ^^^^^^^^^^^^^^^^^^^^^^^^^^^^^^^^^^^
  File "E:\Edu\Django\Seminar\DjangoProject\.venv\Lib\site-packages\django\views\decorators\cache.py", line 80, in _view_wrapper
    response = view_func(request, *args, **kwargs)
               ^^^^^^^^^^^^^^^^^^^^^^^^^^^^^^^^^^^
  File "E:\Edu\Django\Seminar\DjangoProject\.venv\Lib\site-packages\django\contrib\admin\sites.py", line 240, in inner
    return view(request, *args, **kwargs)
           ^^^^^^^^^^^^^^^^^^^^^^^^^^^^^^
  File "E:\Edu\Django\Seminar\DjangoProject\.venv\Lib\site-packages\django\utils\decorators.py", line 48, in _wrapper
    return bound_method(*args, **kwargs)
           ^^^^^^^^^^^^^^^^^^^^^^^^^^^^^
  File "E:\Edu\Django\Seminar\DjangoProject\.venv\Lib\site-packages\django\utils\decorators.py", line 188, in _view_wrapper
    result = _process_exception(request, e)
             ^^^^^^^^^^^^^^^^^^^^^^^^^^^^^^
  File "E:\Edu\Django\Seminar\DjangoProject\.venv\Lib\site-packages\django\utils\decorators.py", line 186, in _view_wrapper
    response = view_func(request, *args, **kwargs)
               ^^^^^^^^^^^^^^^^^^^^^^^^^^^^^^^^^^^
  File "E:\Edu\Django\Seminar\DjangoProject\.venv\Lib\site-packages\django\contrib\admin\options.py", line 2018, in changelist_view
    response = self.response_action(
               ^^^^^^^^^^^^^^^^^^^^^
  File "E:\Edu\Django\Seminar\DjangoProject\.venv\Lib\site-packages\django\contrib\admin\options.py", line 1650, in response_action
    response = func(self, request, queryset)
               ^^^^^^^^^^^^^^^^^^^^^^^^^^^^^
  File "E:\Edu\Django\Seminar\DjangoProject\myproject\sem1app1\admin_mixins.py", line 11, in export_as_csv
    response = HttpResponse(content_type='text/csv', encoding='UTF-8')
               ^^^^^^^^^^^^^^^^^^^^^^^^^^^^^^^^^^^^^^^^^^^^^^^^^^^^^^^
  File "E:\Edu\Django\Seminar\DjangoProject\.venv\Lib\site-packages\django\http\response.py", line 374, in __init__
    super().__init__(*args, **kwargs)
TypeError: HttpResponseBase.__init__() got an unexpected keyword argument 'encoding'
"POST /admin/sem1app1/post/ HTTP/1.1" 500 128962
E:\Edu\Django\Seminar\DjangoProject\myproject\sem1app1\admin_mixins.py changed, reloading.
Watching for file changes with StatReloader
"POST /admin/sem1app1/post/ HTTP/1.1" 200 670
E:\Edu\Django\Seminar\DjangoProject\myproject\sem1app1\admin_mixins.py changed, reloading.
Watching for file changes with StatReloader
"POST /admin/sem1app1/post/ HTTP/1.1" 200 1094
E:\Edu\Django\Seminar\DjangoProject\myproject\sem1app1\admin_mixins.py changed, reloading.
Watching for file changes with StatReloader
"POST /admin/sem1app1/post/ HTTP/1.1" 200 1094
"GET /admin/sem1app1/post/ HTTP/1.1" 200 57199
Watching for file changes with StatReloader
"GET /admin/sem1app1/post/ HTTP/1.1" 200 58021
"GET /admin/jsi18n/ HTTP/1.1" 200 3342
"GET /admin/HW5app/order/ HTTP/1.1" 200 10002
"GET /admin/jsi18n/ HTTP/1.1" 200 3342
"GET /admin/HW5app/product/ HTTP/1.1" 200 11832
"GET /admin/jsi18n/ HTTP/1.1" 200 3342
"GET /static/admin/img/icon-viewlink.svg HTTP/1.1" 304 0
"GET /admin/HW5app/product/?_facets=True HTTP/1.1" 200 12051
"GET /admin/jsi18n/ HTTP/1.1" 200 3342
"GET /static/admin/img/icon-hidelink.svg HTTP/1.1" 200 784
"GET /admin/HW5app/product/? HTTP/1.1" 200 11832
"GET /admin/jsi18n/ HTTP/1.1" 200 3342
E:\Edu\Django\Seminar\DjangoProject\myproject\HW5app\admin.py changed, reloading.
Watching for file changes with StatReloader
E:\Edu\Django\Seminar\DjangoProject\myproject\HW5app\admin.py changed, reloading.
Watching for file changes with StatReloader
"GET /admin/HW5app/product/? HTTP/1.1" 200 12141
"GET /admin/jsi18n/ HTTP/1.1" 200 3342
"GET /admin/HW5app/customer/add/ HTTP/1.1" 200 13956
"GET /static/admin/css/forms.css HTTP/1.1" 304 0
"GET /static/admin/js/collapse.js HTTP/1.1" 304 0
"GET /static/admin/js/prepopulate_init.js HTTP/1.1" 304 0
"GET /admin/jsi18n/ HTTP/1.1" 200 3342
"GET /static/admin/css/widgets.css HTTP/1.1" 304 0
"GET /static/admin/js/change_form.js HTTP/1.1" 304 0
"POST /admin/HW5app/customer/add/ HTTP/1.1" 302 0
"GET /admin/HW5app/customer/add/ HTTP/1.1" 200 14328
"GET /admin/jsi18n/ HTTP/1.1" 200 3342
"POST /admin/HW5app/customer/add/ HTTP/1.1" 302 0
"GET /admin/HW5app/customer/ HTTP/1.1" 200 14754
"GET /admin/jsi18n/ HTTP/1.1" 200 3342
"GET /static/admin/img/sorting-icons.svg HTTP/1.1" 304 0
"GET /admin/HW5app/customer/1/change/ HTTP/1.1" 200 14585
"GET /admin/jsi18n/ HTTP/1.1" 200 3342
"GET /admin/HW5app/product/ HTTP/1.1" 200 12141
"GET /admin/jsi18n/ HTTP/1.1" 200 3342
"GET /admin/HW5app/product/add/ HTTP/1.1" 200 13928
"GET /admin/jsi18n/ HTTP/1.1" 200 3342
"POST /admin/HW5app/product/add/ HTTP/1.1" 302 0
"GET /admin/HW5app/product/add/ HTTP/1.1" 200 14211
"GET /admin/jsi18n/ HTTP/1.1" 200 3342
"POST /admin/HW5app/product/add/ HTTP/1.1" 302 0
"GET /admin/HW5app/product/ HTTP/1.1" 200 16321
"GET /admin/jsi18n/ HTTP/1.1" 200 3342
Not Found: /media/images/products/upload_tLFcGfM.jpg
"GET /media/images/products/upload_tLFcGfM.jpg HTTP/1.1" 404 2726
"GET /admin/HW5app/product/ HTTP/1.1" 200 16078
"GET /admin/HW5app/product/1/change/ HTTP/1.1" 200 14414
"GET /admin/jsi18n/ HTTP/1.1" 200 3342
"GET /admin/HW5app/order/ HTTP/1.1" 200 10311
"GET /admin/jsi18n/ HTTP/1.1" 200 3342
"GET /admin/HW5app/order/add/ HTTP/1.1" 200 14477
"GET /admin/jsi18n/ HTTP/1.1" 200 3342
"GET /admin/HW5app/product/add/?_to_field=id&_popup=1 HTTP/1.1" 200 7220
"GET /admin/jsi18n/ HTTP/1.1" 200 3342
"GET /admin/HW5app/product/add/?_to_field=id&_popup=1 HTTP/1.1" 200 7220
"GET /admin/jsi18n/ HTTP/1.1" 200 3342
"POST /admin/HW5app/product/add/?_to_field=id&_popup=1 HTTP/1.1" 200 7428
"GET /admin/jsi18n/ HTTP/1.1" 200 3342
"POST /admin/HW5app/product/add/?_to_field=id&_popup=1 HTTP/1.1" 200 382
"GET /static/admin/js/popup_response.js HTTP/1.1" 200 551
"POST /admin/HW5app/order/add/ HTTP/1.1" 302 0
"GET /admin/HW5app/order/ HTTP/1.1" 200 12579
"GET /admin/jsi18n/ HTTP/1.1" 200 3342
"GET /admin/HW5app/order/1/change/ HTTP/1.1" 200 15191
"GET /admin/jsi18n/ HTTP/1.1" 200 3342
E:\Edu\Django\Seminar\DjangoProject\myproject\HW5app\admin.py changed, reloading.
Watching for file changes with StatReloader
Watching for file changes with StatReloader
"GET /admin/ HTTP/1.1" 302 0
Not Found: /
"GET / HTTP/1.1" 404 2588
"GET /admin/login/?next=/admin/ HTTP/1.1" 200 4176
Not Found: /favicon.ico
"GET /favicon.ico HTTP/1.1" 404 2639
"GET /static/admin/css/nav_sidebar.css HTTP/1.1" 304 0
"GET /static/admin/css/base.css HTTP/1.1" 304 0
"GET /static/admin/css/dark_mode.css HTTP/1.1" 304 0
"GET /static/admin/css/login.css HTTP/1.1" 304 0
"GET /static/admin/css/responsive.css HTTP/1.1" 304 0
"GET /static/admin/js/theme.js HTTP/1.1" 304 0
"GET /static/admin/js/nav_sidebar.js HTTP/1.1" 304 0
"GET /admin/ HTTP/1.1" 302 0
"GET /admin/login/?next=/admin/ HTTP/1.1" 200 4176
"POST /admin/login/?next=/admin/ HTTP/1.1" 302 0
"GET /admin/ HTTP/1.1" 200 14084
"GET /static/admin/css/dashboard.css HTTP/1.1" 304 0
"GET /static/admin/img/icon-addlink.svg HTTP/1.1" 304 0
"GET /static/admin/img/icon-changelink.svg HTTP/1.1" 304 0
"GET /admin/HW5app/product/ HTTP/1.1" 200 16848
"GET /static/admin/css/changelists.css HTTP/1.1" 304 0
"GET /static/admin/js/vendor/jquery/jquery.js HTTP/1.1" 304 0
"GET /static/admin/js/core.js HTTP/1.1" 304 0
"GET /static/admin/js/jquery.init.js HTTP/1.1" 304 0
"GET /static/admin/js/prepopulate.js HTTP/1.1" 304 0
"GET /static/admin/js/actions.js HTTP/1.1" 304 0
"GET /static/admin/js/admin/RelatedObjectLookups.js HTTP/1.1" 304 0
"GET /static/admin/js/urlify.js HTTP/1.1" 304 0
"GET /static/admin/js/vendor/xregexp/xregexp.js HTTP/1.1" 304 0
"GET /admin/jsi18n/ HTTP/1.1" 200 3342
"GET /static/admin/img/search.svg HTTP/1.1" 304 0
"GET /static/admin/js/filters.js HTTP/1.1" 304 0
"GET /static/admin/img/tooltag-add.svg HTTP/1.1" 304 0
"GET /static/admin/img/icon-viewlink.svg HTTP/1.1" 304 0
"GET /static/admin/img/sorting-icons.svg HTTP/1.1" 304 0
"GET /admin/HW5app/product/add/ HTTP/1.1" 200 13946
"GET /static/admin/css/forms.css HTTP/1.1" 304 0
"GET /static/admin/js/collapse.js HTTP/1.1" 304 0
"GET /static/admin/js/prepopulate_init.js HTTP/1.1" 304 0
"GET /admin/jsi18n/ HTTP/1.1" 200 3342
"GET /static/admin/js/change_form.js HTTP/1.1" 304 0
"GET /static/admin/css/widgets.css HTTP/1.1" 304 0
"POST /admin/HW5app/product/add/ HTTP/1.1" 200 14220
"GET /admin/jsi18n/ HTTP/1.1" 200 3342
"POST /admin/HW5app/product/add/ HTTP/1.1" 302 0
"GET /admin/HW5app/product/ HTTP/1.1" 200 17886
"GET /admin/jsi18n/ HTTP/1.1" 200 3342
"GET /static/admin/img/icon-yes.svg HTTP/1.1" 304 0
"GET /admin/HW5app/product/4/change/ HTTP/1.1" 200 14471
"GET /admin/jsi18n/ HTTP/1.1" 200 3342
E:\Edu\Django\Seminar\DjangoProject\myproject\HW5app\admin.py changed, reloading.
Watching for file changes with StatReloader
"GET /admin/HW5app/product/4/change/ HTTP/1.1" 200 14471
"GET /admin/jsi18n/ HTTP/1.1" 200 3342
"GET /admin/HW5app/product/ HTTP/1.1" 200 18149
"GET /admin/jsi18n/ HTTP/1.1" 200 3342
"GET /static/admin/img/icon-no.svg HTTP/1.1" 304 0
E:\Edu\Django\Seminar\DjangoProject\myproject\HW5app\models.py changed, reloading.
Watching for file changes with StatReloader
Watching for file changes with StatReloader
"GET /admin/HW5app/order/ HTTP/1.1" 200 12693
"GET /admin/jsi18n/ HTTP/1.1" 200 3342
"GET /admin/HW5app/order/1/change/ HTTP/1.1" 200 15821
"GET /admin/jsi18n/ HTTP/1.1" 200 3342
"POST /admin/HW5app/order/1/change/ HTTP/1.1" 302 0
"GET /admin/HW5app/order/ HTTP/1.1" 200 13036
"GET /admin/jsi18n/ HTTP/1.1" 200 3342
E:\Edu\Django\Seminar\DjangoProject\myproject\HW5app\admin.py changed, reloading.
Watching for file changes with StatReloader
"GET /admin/HW5app/order/ HTTP/1.1" 200 12694
"GET /admin/jsi18n/ HTTP/1.1" 200 3342
"GET /admin/HW5app/product/ HTTP/1.1" 200 18474
"GET /admin/jsi18n/ HTTP/1.1" 200 3342
E:\Edu\Django\Seminar\DjangoProject\myproject\HW5app\admin.py changed, reloading.
Watching for file changes with StatReloader
"GET /admin/HW5app/product/ HTTP/1.1" 200 18205
"GET /admin/jsi18n/ HTTP/1.1" 200 3342
"GET /admin/HW5app/product/?q=%D1%80%D1%8B%D0%B1 HTTP/1.1" 200 13820
"GET /admin/jsi18n/ HTTP/1.1" 200 3342
E:\Edu\Django\Seminar\DjangoProject\myproject\HW5app\admin.py changed, reloading.
Watching for file changes with StatReloader
"GET /admin/HW5app/product/?q=%D1%80%D1%8B%D0%B1 HTTP/1.1" 200 16835
"GET /admin/jsi18n/ HTTP/1.1" 200 3342
E:\Edu\Django\Seminar\DjangoProject\myproject\HW5app\admin.py changed, reloading.
Watching for file changes with StatReloader
E:\Edu\Django\Seminar\DjangoProject\myproject\HW5app\admin.py changed, reloading.
Watching for file changes with StatReloader
"GET /admin/HW5app/order/ HTTP/1.1" 200 12785
"GET /admin/jsi18n/ HTTP/1.1" 200 3342
"POST /admin/HW5app/order/ HTTP/1.1" 302 0
"GET /admin/HW5app/order/ HTTP/1.1" 200 12978
"GET /admin/jsi18n/ HTTP/1.1" 200 3342
"GET /static/admin/img/icon-alert.svg HTTP/1.1" 200 504
"POST /admin/HW5app/order/ HTTP/1.1" 302 0
"GET /admin/HW5app/order/ HTTP/1.1" 200 12785
"GET /admin/jsi18n/ HTTP/1.1" 200 3342
"GET /admin/HW5app/order/add/ HTTP/1.1" 200 15183
"GET /admin/jsi18n/ HTTP/1.1" 200 3342
"GET /admin/HW5app/product/add/?_to_field=id&_popup=1 HTTP/1.1" 200 7235
"GET /admin/jsi18n/ HTTP/1.1" 200 3342
E:\Edu\Django\Seminar\DjangoProject\myproject\HW5app\admin.py changed, reloading.
Watching for file changes with StatReloader
"GET /admin/HW5app/order/ HTTP/1.1" 200 12592
"GET /admin/jsi18n/ HTTP/1.1" 200 3342
E:\Edu\Django\Seminar\DjangoProject\myproject\HW5app\admin.py changed, reloading.
Watching for file changes with StatReloader
E:\Edu\Django\Seminar\DjangoProject\myproject\HW5app\admin.py changed, reloading.
Watching for file changes with StatReloader
"GET /admin/HW5app/product/ HTTP/1.1" 200 17897
"GET /admin/jsi18n/ HTTP/1.1" 200 3342
"GET /admin/HW5app/product/?sold_out=yes HTTP/1.1" 200 17103
"GET /admin/jsi18n/ HTTP/1.1" 200 3342
"GET /admin/HW5app/product/?sold_out=no HTTP/1.1" 200 18571
"GET /admin/jsi18n/ HTTP/1.1" 200 3342
"GET /admin/HW5app/order/add/ HTTP/1.1" 200 15183
"GET /admin/jsi18n/ HTTP/1.1" 200 3342
E:\Edu\Django\Seminar\DjangoProject\myproject\HW5app\admin.py changed, reloading.
Watching for file changes with StatReloader
E:\Edu\Django\Seminar\DjangoProject\myproject\HW5app\admin.py changed, reloading.
Watching for file changes with StatReloader
E:\Edu\Django\Seminar\DjangoProject\myproject\HW5app\admin.py changed, reloading.
Watching for file changes with StatReloader
E:\Edu\Django\Seminar\DjangoProject\myproject\HW5app\admin.py changed, reloading.
Watching for file changes with StatReloader
E:\Edu\Django\Seminar\DjangoProject\myproject\HW5app\admin.py changed, reloading.
Watching for file changes with StatReloader
"GET /admin/HW5app/order/ HTTP/1.1" 200 12592
"GET /admin/jsi18n/ HTTP/1.1" 200 3342
"GET /admin/HW5app/customer/ HTTP/1.1" 200 14378
"GET /admin/jsi18n/ HTTP/1.1" 200 3342
"GET /admin/HW5app/customer/1/change/ HTTP/1.1" 200 20510
"GET /admin/jsi18n/ HTTP/1.1" 200 3342
"GET /static/admin/img/icon-unknown.svg HTTP/1.1" 304 0
"GET /static/admin/js/inlines.js HTTP/1.1" 200 15526
"GET /admin/HW5app/product/add/?_to_field=id&_popup=1 HTTP/1.1" 200 7235
"GET /admin/jsi18n/ HTTP/1.1" 200 3342
E:\Edu\Django\Seminar\DjangoProject\myproject\HW5app\admin.py changed, reloading.
Watching for file changes with StatReloader
"GET /admin/HW5app/order/ HTTP/1.1" 200 12765
"GET /admin/jsi18n/ HTTP/1.1" 200 3342
"GET /admin/HW5app/order/add/ HTTP/1.1" 200 15183
"GET /admin/jsi18n/ HTTP/1.1" 200 3342
"GET /admin/HW5app/order/add/ HTTP/1.1" 200 15183
"GET /admin/jsi18n/ HTTP/1.1" 200 3342
E:\Edu\Django\Seminar\DjangoProject\myproject\HW5app\admin.py changed, reloading.
Watching for file changes with StatReloader
E:\Edu\Django\Seminar\DjangoProject\myproject\HW5app\admin.py changed, reloading.
Watching for file changes with StatReloader
E:\Edu\Django\Seminar\DjangoProject\myproject\HW5app\forms.py changed, reloading.
Watching for file changes with StatReloader
"GET /admin/HW5app/order/add/ HTTP/1.1" 200 14389
"GET /admin/jsi18n/ HTTP/1.1" 200 3342
"POST /admin/HW5app/order/add/ HTTP/1.1" 302 0
"GET /admin/HW5app/order/ HTTP/1.1" 200 13745
"GET /admin/jsi18n/ HTTP/1.1" 200 3342
E:\Edu\Django\Seminar\DjangoProject\myproject\HW5app\models.py changed, reloading.
Watching for file changes with StatReloader
E:\Edu\Django\Seminar\DjangoProject\myproject\HW5app\forms.py changed, reloading.
Watching for file changes with StatReloader
Watching for file changes with StatReloader
"GET /admin/HW5app/order/2/change/ HTTP/1.1" 200 14103
"GET /admin/jsi18n/ HTTP/1.1" 200 3342
E:\Edu\Django\Seminar\DjangoProject\myproject\HW5app\admin.py changed, reloading.
Watching for file changes with StatReloader
"GET /admin/HW5app/order/2/change/ HTTP/1.1" 200 14441
"GET /admin/jsi18n/ HTTP/1.1" 200 3342
Watching for file changes with StatReloader
"GET /admin/HW5app/order/ HTTP/1.1" 200 14804
"GET /static/import_export/action_formats.js HTTP/1.1" 200 765
"GET /admin/jsi18n/ HTTP/1.1" 200 17546
"POST /admin/HW5app/order/ HTTP/1.1" 200 340
E:\Edu\Django\Seminar\DjangoProject\myproject\HW5app\admin.py changed, reloading.
Watching for file changes with StatReloader
Watching for file changes with StatReloader
Not Found: /
"GET / HTTP/1.1" 404 2588
"GET /admin/HW5app/order/ HTTP/1.1" 200 27470
"GET /static/admin/css/base.css HTTP/1.1" 304 0
"GET /static/admin/css/dark_mode.css HTTP/1.1" 304 0
"GET /static/admin/css/nav_sidebar.css HTTP/1.1" 304 0
Not Found: /favicon.ico
"GET /favicon.ico HTTP/1.1" 404 2639
"GET /static/admin_interface/css/admin-interface.css?v=09666d757b59a801494c303f4fff36bec090d0965ced83dc1921577e HTTP/1.1" 200 16566
"GET /static/admin_interface/css/admin-interface-fix.css?v=09666d757b59a801494c303f4fff36bec090d0965ced83dc1921577e HTTP/1.1" 200 14785
"GET /static/admin_interface/css/form-controls.css?v=09666d757b59a801494c303f4fff36bec090d0965ced83dc1921577e HTTP/1.1" 200 2437
"GET /static/admin_interface/css/language-chooser.css?v=09666d757b59a801494c303f4fff36bec090d0965ced83dc1921577e HTTP/1.1" 200 1734
"GET /static/admin_interface/css/list-filter-dropdown.css?v=09666d757b59a801494c303f4fff36bec090d0965ced83dc1921577e HTTP/1.1" 200 691
"GET /static/admin_interface/css/rangefilter.css?v=09666d757b59a801494c303f4fff36bec090d0965ced83dc1921577e HTTP/1.1" 200 1238
"GET /static/admin_interface/css/related-modal.css?v=09666d757b59a801494c303f4fff36bec090d0965ced83dc1921577e HTTP/1.1" 200 2867
"GET /static/admin_interface/css/streamfield.css?v=09666d757b59a801494c303f4fff36bec090d0965ced83dc1921577e HTTP/1.1" 200 5651
"GET /static/admin_interface/css/jquery.ui.tabs.css?v=09666d757b59a801494c303f4fff36bec090d0965ced83dc1921577e HTTP/1.1" 200 5558
"GET /static/admin_interface/css/modeltranslation.css?v=09666d757b59a801494c303f4fff36bec090d0965ced83dc1921577e HTTP/1.1" 200 356
"GET /static/admin_interface/css/sorl-thumbnail.css?v=09666d757b59a801494c303f4fff36bec090d0965ced83dc1921577e HTTP/1.1" 200 1451
"GET /static/admin_interface/css/ckeditor.css?v=09666d757b59a801494c303f4fff36bec090d0965ced83dc1921577e HTTP/1.1" 200 2720
"GET /static/admin_interface/css/tinymce.css?v=09666d757b59a801494c303f4fff36bec090d0965ced83dc1921577e HTTP/1.1" 200 78
"GET /static/admin_interface/css/json-widget.css?v=09666d757b59a801494c303f4fff36bec090d0965ced83dc1921577e HTTP/1.1" 200 993
"GET /static/admin_interface/css/import-export.css?v=09666d757b59a801494c303f4fff36bec090d0965ced83dc1921577e HTTP/1.1" 200 189
"GET /static/admin_interface/css/rtl.css?v=09666d757b59a801494c303f4fff36bec090d0965ced83dc1921577e HTTP/1.1" 200 1016
"GET /static/admin_interface/css/tabbed-changeform.css?v=09666d757b59a801494c303f4fff36bec090d0965ced83dc1921577e HTTP/1.1" 200 1895
"GET /static/admin/css/responsive.css HTTP/1.1" 304 0
"GET /static/admin/css/responsive_rtl.css?nocache=09666d757b59a801494c303f4fff36bec090d0965ced83dc1921577e HTTP/1.1" 200 1864
"GET /static/admin/css/responsive.css?nocache=09666d757b59a801494c303f4fff36bec090d0965ced83dc1921577e HTTP/1.1" 200 17905
"GET /static/admin_interface/magnific-popup/magnific-popup.css?nocache=09666d757b59a801494c303f4fff36bec090d0965ced83dc1921577e HTTP/1.1" 200 6951
"GET /static/admin_interface/foldable-apps/foldable-apps.css?nocache=09666d757b59a801494c303f4fff36bec090d0965ced83dc1921577e HTTP/1.1" 200 1943
"GET /admin/jsi18n/ HTTP/1.1" 200 17546
"GET /static/import_export/action_formats.js HTTP/1.1" 304 0
"GET /static/admin_interface/foldable-apps/foldable-apps.js?nocache=09666d757b59a801494c303f4fff36bec090d0965ced83dc1921577e HTTP/1.1" 200 1750
"GET /static/admin_interface/related-modal/related-modal.js?nocache=09666d757b59a801494c303f4fff36bec090d0965ced83dc1921577e HTTP/1.1" 200 6803
"GET /static/admin_interface/magnific-popup/jquery.magnific-popup.js?nocache=09666d757b59a801494c303f4fff36bec090d0965ced83dc1921577e HTTP/1.1" 200 60830
"GET /static/admin/js/theme.js HTTP/1.1" 304 0
"GET /static/admin/js/nav_sidebar.js HTTP/1.1" 304 0
"GET /static/admin/img/icon-addlink.svg HTTP/1.1" 304 0
"GET /admin/login/?next=/admin/ HTTP/1.1" 302 0
"GET /admin/ HTTP/1.1" 200 27873
"GET /static/admin/css/dashboard.css HTTP/1.1" 304 0
"GET /static/admin/img/icon-changelink.svg HTTP/1.1" 304 0
"GET /admin/HW5app/order/ HTTP/1.1" 200 27470
"GET /static/admin_interface/css/admin-interface-fix.css?v=09666d757b59a801494c303f4fff36bec090d0965ced83dc1921577e HTTP/1.1" 304 0
"GET /static/admin_interface/css/admin-interface.css?v=09666d757b59a801494c303f4fff36bec090d0965ced83dc1921577e HTTP/1.1" 304 0
"GET /static/admin_interface/css/form-controls.css?v=09666d757b59a801494c303f4fff36bec090d0965ced83dc1921577e HTTP/1.1" 304 0
"GET /static/admin_interface/css/language-chooser.css?v=09666d757b59a801494c303f4fff36bec090d0965ced83dc1921577e HTTP/1.1" 304 0
"GET /static/admin_interface/css/list-filter-dropdown.css?v=09666d757b59a801494c303f4fff36bec090d0965ced83dc1921577e HTTP/1.1" 304 0
"GET /static/admin_interface/css/rangefilter.css?v=09666d757b59a801494c303f4fff36bec090d0965ced83dc1921577e HTTP/1.1" 304 0
"GET /static/admin_interface/css/streamfield.css?v=09666d757b59a801494c303f4fff36bec090d0965ced83dc1921577e HTTP/1.1" 304 0
"GET /static/admin_interface/css/jquery.ui.tabs.css?v=09666d757b59a801494c303f4fff36bec090d0965ced83dc1921577e HTTP/1.1" 304 0
"GET /static/admin_interface/css/related-modal.css?v=09666d757b59a801494c303f4fff36bec090d0965ced83dc1921577e HTTP/1.1" 304 0
"GET /static/admin_interface/css/modeltranslation.css?v=09666d757b59a801494c303f4fff36bec090d0965ced83dc1921577e HTTP/1.1" 304 0
"GET /static/admin_interface/css/sorl-thumbnail.css?v=09666d757b59a801494c303f4fff36bec090d0965ced83dc1921577e HTTP/1.1" 304 0
"GET /static/admin_interface/css/ckeditor.css?v=09666d757b59a801494c303f4fff36bec090d0965ced83dc1921577e HTTP/1.1" 304 0
"GET /static/admin_interface/css/import-export.css?v=09666d757b59a801494c303f4fff36bec090d0965ced83dc1921577e HTTP/1.1" 304 0
"GET /static/admin_interface/css/json-widget.css?v=09666d757b59a801494c303f4fff36bec090d0965ced83dc1921577e HTTP/1.1" 304 0
"GET /static/admin_interface/css/rtl.css?v=09666d757b59a801494c303f4fff36bec090d0965ced83dc1921577e HTTP/1.1" 304 0
"GET /static/admin_interface/css/tinymce.css?v=09666d757b59a801494c303f4fff36bec090d0965ced83dc1921577e HTTP/1.1" 304 0
"GET /static/admin_interface/css/tabbed-changeform.css?v=09666d757b59a801494c303f4fff36bec090d0965ced83dc1921577e HTTP/1.1" 304 0
"GET /static/admin_interface/magnific-popup/magnific-popup.css?nocache=09666d757b59a801494c303f4fff36bec090d0965ced83dc1921577e HTTP/1.1" 304 0
"GET /static/admin_interface/foldable-apps/foldable-apps.js?nocache=09666d757b59a801494c303f4fff36bec090d0965ced83dc1921577e HTTP/1.1" 304 0
"GET /static/admin_interface/foldable-apps/foldable-apps.css?nocache=09666d757b59a801494c303f4fff36bec090d0965ced83dc1921577e HTTP/1.1" 304 0
"GET /static/admin_interface/related-modal/related-modal.js?nocache=09666d757b59a801494c303f4fff36bec090d0965ced83dc1921577e HTTP/1.1" 304 0
"GET /static/admin_interface/magnific-popup/jquery.magnific-popup.js?nocache=09666d757b59a801494c303f4fff36bec090d0965ced83dc1921577e HTTP/1.1" 304 0
"GET /admin/jsi18n/ HTTP/1.1" 200 17546
"GET /admin/ HTTP/1.1" 200 27873
"GET /static/admin_interface/css/admin-interface.css?v=09666d757b59a801494c303f4fff36bec090d0965ced83dc1921577e HTTP/1.1" 304 0
"GET /static/admin_interface/css/admin-interface-fix.css?v=09666d757b59a801494c303f4fff36bec090d0965ced83dc1921577e HTTP/1.1" 304 0
"GET /static/admin_interface/css/form-controls.css?v=09666d757b59a801494c303f4fff36bec090d0965ced83dc1921577e HTTP/1.1" 304 0
"GET /static/admin_interface/css/language-chooser.css?v=09666d757b59a801494c303f4fff36bec090d0965ced83dc1921577e HTTP/1.1" 304 0
"GET /static/admin_interface/css/list-filter-dropdown.css?v=09666d757b59a801494c303f4fff36bec090d0965ced83dc1921577e HTTP/1.1" 304 0
"GET /static/admin_interface/css/rangefilter.css?v=09666d757b59a801494c303f4fff36bec090d0965ced83dc1921577e HTTP/1.1" 304 0
"GET /static/admin_interface/css/related-modal.css?v=09666d757b59a801494c303f4fff36bec090d0965ced83dc1921577e HTTP/1.1" 304 0
"GET /static/admin_interface/css/jquery.ui.tabs.css?v=09666d757b59a801494c303f4fff36bec090d0965ced83dc1921577e HTTP/1.1" 304 0
"GET /static/admin_interface/css/streamfield.css?v=09666d757b59a801494c303f4fff36bec090d0965ced83dc1921577e HTTP/1.1" 304 0
"GET /static/admin_interface/css/modeltranslation.css?v=09666d757b59a801494c303f4fff36bec090d0965ced83dc1921577e HTTP/1.1" 304 0
"GET /static/admin_interface/css/sorl-thumbnail.css?v=09666d757b59a801494c303f4fff36bec090d0965ced83dc1921577e HTTP/1.1" 304 0
"GET /static/admin_interface/css/ckeditor.css?v=09666d757b59a801494c303f4fff36bec090d0965ced83dc1921577e HTTP/1.1" 304 0
"GET /static/admin_interface/css/import-export.css?v=09666d757b59a801494c303f4fff36bec090d0965ced83dc1921577e HTTP/1.1" 304 0
"GET /static/admin_interface/css/json-widget.css?v=09666d757b59a801494c303f4fff36bec090d0965ced83dc1921577e HTTP/1.1" 304 0
"GET /static/admin_interface/css/tinymce.css?v=09666d757b59a801494c303f4fff36bec090d0965ced83dc1921577e HTTP/1.1" 304 0
"GET /static/admin_interface/css/rtl.css?v=09666d757b59a801494c303f4fff36bec090d0965ced83dc1921577e HTTP/1.1" 304 0
"GET /static/admin_interface/css/tabbed-changeform.css?v=09666d757b59a801494c303f4fff36bec090d0965ced83dc1921577e HTTP/1.1" 304 0
"GET /static/admin_interface/foldable-apps/foldable-apps.js?nocache=09666d757b59a801494c303f4fff36bec090d0965ced83dc1921577e HTTP/1.1" 304 0
"GET /static/admin_interface/foldable-apps/foldable-apps.css?nocache=09666d757b59a801494c303f4fff36bec090d0965ced83dc1921577e HTTP/1.1" 304 0
"GET /static/admin_interface/magnific-popup/magnific-popup.css?nocache=09666d757b59a801494c303f4fff36bec090d0965ced83dc1921577e HTTP/1.1" 304 0
"GET /static/admin_interface/magnific-popup/jquery.magnific-popup.js?nocache=09666d757b59a801494c303f4fff36bec090d0965ced83dc1921577e HTTP/1.1" 304 0
"GET /static/admin_interface/related-modal/related-modal.js?nocache=09666d757b59a801494c303f4fff36bec090d0965ced83dc1921577e HTTP/1.1" 304 0
"GET /admin/admin_interface/theme/ HTTP/1.1" 200 25987
"GET /admin/jsi18n/ HTTP/1.1" 200 17546
"GET /admin/admin_interface/theme/add/ HTTP/1.1" 200 71721
"GET /static/colorfield/colorfield.js HTTP/1.1" 200 408
"GET /static/colorfield/jscolor/jscolor.js HTTP/1.1" 200 102106
"GET /admin/jsi18n/ HTTP/1.1" 200 17546
E:\Edu\Django\Seminar\DjangoProject\myproject\HW5app\admin.py changed, reloading.
Watching for file changes with StatReloader
Not Found: /
"GET / HTTP/1.1" 404 2588
Not Found: /favicon.ico
"GET /favicon.ico HTTP/1.1" 404 2639
Internal Server Error: /admin/
Traceback (most recent call last):
  File "E:\Edu\Django\Seminar\DjangoProject\.venv\Lib\site-packages\django\db\backends\utils.py", line 105, in _execute
    return self.cursor.execute(sql, params)
           ^^^^^^^^^^^^^^^^^^^^^^^^^^^^^^^^
  File "E:\Edu\Django\Seminar\DjangoProject\.venv\Lib\site-packages\django\db\backends\sqlite3\base.py", line 329, in execute
    return super().execute(query, params)
           ^^^^^^^^^^^^^^^^^^^^^^^^^^^^^^
sqlite3.OperationalError: no such table: admin_interface_theme

The above exception was the direct cause of the following exception:

Traceback (most recent call last):
  File "E:\Edu\Django\Seminar\DjangoProject\.venv\Lib\site-packages\django\core\handlers\exception.py", line 55, in inner
    response = get_response(request)
               ^^^^^^^^^^^^^^^^^^^^^
  File "E:\Edu\Django\Seminar\DjangoProject\.venv\Lib\site-packages\django\core\handlers\base.py", line 220, in _get_response
    response = response.render()
               ^^^^^^^^^^^^^^^^^
  File "E:\Edu\Django\Seminar\DjangoProject\.venv\Lib\site-packages\django\template\response.py", line 114, in render
    self.content = self.rendered_content
                   ^^^^^^^^^^^^^^^^^^^^^
  File "E:\Edu\Django\Seminar\DjangoProject\.venv\Lib\site-packages\django\template\response.py", line 92, in rendered_content
    return template.render(context, self._request)
           ^^^^^^^^^^^^^^^^^^^^^^^^^^^^^^^^^^^^^^^
  File "E:\Edu\Django\Seminar\DjangoProject\.venv\Lib\site-packages\django\template\backends\django.py", line 61, in render
    return self.template.render(context)
           ^^^^^^^^^^^^^^^^^^^^^^^^^^^^^
  File "E:\Edu\Django\Seminar\DjangoProject\.venv\Lib\site-packages\django\template\base.py", line 171, in render
    return self._render(context)
           ^^^^^^^^^^^^^^^^^^^^^
  File "E:\Edu\Django\Seminar\DjangoProject\.venv\Lib\site-packages\django\template\base.py", line 163, in _render
    return self.nodelist.render(context)
           ^^^^^^^^^^^^^^^^^^^^^^^^^^^^^
  File "E:\Edu\Django\Seminar\DjangoProject\.venv\Lib\site-packages\django\template\base.py", line 1000, in render
    return SafeString("".join([node.render_annotated(context) for node in self]))
                              ^^^^^^^^^^^^^^^^^^^^^^^^^^^^^^^^^^^^^^^^^^^^^^^^^
  File "E:\Edu\Django\Seminar\DjangoProject\.venv\Lib\site-packages\django\template\base.py", line 1000, in <listcomp>
    return SafeString("".join([node.render_annotated(context) for node in self]))
                               ^^^^^^^^^^^^^^^^^^^^^^^^^^^^^^
  File "E:\Edu\Django\Seminar\DjangoProject\.venv\Lib\site-packages\django\template\base.py", line 961, in render_annotated
    return self.render(context)
           ^^^^^^^^^^^^^^^^^^^^
  File "E:\Edu\Django\Seminar\DjangoProject\.venv\Lib\site-packages\django\template\loader_tags.py", line 159, in render
    return compiled_parent._render(context)
           ^^^^^^^^^^^^^^^^^^^^^^^^^^^^^^^^
  File "E:\Edu\Django\Seminar\DjangoProject\.venv\Lib\site-packages\django\template\base.py", line 163, in _render
    return self.nodelist.render(context)
           ^^^^^^^^^^^^^^^^^^^^^^^^^^^^^
  File "E:\Edu\Django\Seminar\DjangoProject\.venv\Lib\site-packages\django\template\base.py", line 1000, in render
    return SafeString("".join([node.render_annotated(context) for node in self]))
                              ^^^^^^^^^^^^^^^^^^^^^^^^^^^^^^^^^^^^^^^^^^^^^^^^^
  File "E:\Edu\Django\Seminar\DjangoProject\.venv\Lib\site-packages\django\template\base.py", line 1000, in <listcomp>
    return SafeString("".join([node.render_annotated(context) for node in self]))
                               ^^^^^^^^^^^^^^^^^^^^^^^^^^^^^^
  File "E:\Edu\Django\Seminar\DjangoProject\.venv\Lib\site-packages\django\template\base.py", line 961, in render_annotated
    return self.render(context)
           ^^^^^^^^^^^^^^^^^^^^
  File "E:\Edu\Django\Seminar\DjangoProject\.venv\Lib\site-packages\django\template\loader_tags.py", line 159, in render
    return compiled_parent._render(context)
           ^^^^^^^^^^^^^^^^^^^^^^^^^^^^^^^^
  File "E:\Edu\Django\Seminar\DjangoProject\.venv\Lib\site-packages\django\template\base.py", line 163, in _render
    return self.nodelist.render(context)
           ^^^^^^^^^^^^^^^^^^^^^^^^^^^^^
  File "E:\Edu\Django\Seminar\DjangoProject\.venv\Lib\site-packages\django\template\base.py", line 1000, in render
    return SafeString("".join([node.render_annotated(context) for node in self]))
                              ^^^^^^^^^^^^^^^^^^^^^^^^^^^^^^^^^^^^^^^^^^^^^^^^^
  File "E:\Edu\Django\Seminar\DjangoProject\.venv\Lib\site-packages\django\template\base.py", line 1000, in <listcomp>
    return SafeString("".join([node.render_annotated(context) for node in self]))
                               ^^^^^^^^^^^^^^^^^^^^^^^^^^^^^^
  File "E:\Edu\Django\Seminar\DjangoProject\.venv\Lib\site-packages\django\template\base.py", line 961, in render_annotated
    return self.render(context)
           ^^^^^^^^^^^^^^^^^^^^
  File "E:\Edu\Django\Seminar\DjangoProject\.venv\Lib\site-packages\django\template\loader_tags.py", line 65, in render
    result = block.nodelist.render(context)
             ^^^^^^^^^^^^^^^^^^^^^^^^^^^^^^
  File "E:\Edu\Django\Seminar\DjangoProject\.venv\Lib\site-packages\django\template\base.py", line 1000, in render
    return SafeString("".join([node.render_annotated(context) for node in self]))
                              ^^^^^^^^^^^^^^^^^^^^^^^^^^^^^^^^^^^^^^^^^^^^^^^^^
  File "E:\Edu\Django\Seminar\DjangoProject\.venv\Lib\site-packages\django\template\base.py", line 1000, in <listcomp>
    return SafeString("".join([node.render_annotated(context) for node in self]))
                               ^^^^^^^^^^^^^^^^^^^^^^^^^^^^^^
  File "E:\Edu\Django\Seminar\DjangoProject\.venv\Lib\site-packages\django\template\base.py", line 961, in render_annotated
    return self.render(context)
           ^^^^^^^^^^^^^^^^^^^^
  File "E:\Edu\Django\Seminar\DjangoProject\.venv\Lib\site-packages\django\template\library.py", line 237, in render
    output = self.func(*resolved_args, **resolved_kwargs)
             ^^^^^^^^^^^^^^^^^^^^^^^^^^^^^^^^^^^^^^^^^^^^
  File "E:\Edu\Django\Seminar\DjangoProject\.venv\Lib\site-packages\admin_interface\templatetags\admin_interface_tags.py", line 64, in get_admin_interface_theme
    theme = Theme.objects.get_active()
            ^^^^^^^^^^^^^^^^^^^^^^^^^^
  File "E:\Edu\Django\Seminar\DjangoProject\.venv\Lib\site-packages\django\db\models\manager.py", line 87, in manager_method
    return getattr(self.get_queryset(), name)(*args, **kwargs)
           ^^^^^^^^^^^^^^^^^^^^^^^^^^^^^^^^^^^^^^^^^^^^^^^^^^^
  File "E:\Edu\Django\Seminar\DjangoProject\.venv\Lib\site-packages\admin_interface\models.py", line 15, in get_active
    objs_active_ls = list(objs_active_qs)
                     ^^^^^^^^^^^^^^^^^^^^
  File "E:\Edu\Django\Seminar\DjangoProject\.venv\Lib\site-packages\django\db\models\query.py", line 400, in __iter__
    self._fetch_all()
  File "E:\Edu\Django\Seminar\DjangoProject\.venv\Lib\site-packages\django\db\models\query.py", line 1928, in _fetch_all
    self._result_cache = list(self._iterable_class(self))
                         ^^^^^^^^^^^^^^^^^^^^^^^^^^^^^^^^
  File "E:\Edu\Django\Seminar\DjangoProject\.venv\Lib\site-packages\django\db\models\query.py", line 91, in __iter__
    results = compiler.execute_sql(
              ^^^^^^^^^^^^^^^^^^^^^
  File "E:\Edu\Django\Seminar\DjangoProject\.venv\Lib\site-packages\django\db\models\sql\compiler.py", line 1562, in execute_sql
    cursor.execute(sql, params)
  File "E:\Edu\Django\Seminar\DjangoProject\.venv\Lib\site-packages\django\db\backends\utils.py", line 122, in execute
    return super().execute(sql, params)
           ^^^^^^^^^^^^^^^^^^^^^^^^^^^^
  File "E:\Edu\Django\Seminar\DjangoProject\.venv\Lib\site-packages\django\db\backends\utils.py", line 79, in execute
    return self._execute_with_wrappers(
           ^^^^^^^^^^^^^^^^^^^^^^^^^^^^
  File "E:\Edu\Django\Seminar\DjangoProject\.venv\Lib\site-packages\django\db\backends\utils.py", line 92, in _execute_with_wrappers
    return executor(sql, params, many, context)
           ^^^^^^^^^^^^^^^^^^^^^^^^^^^^^^^^^^^^
  File "E:\Edu\Django\Seminar\DjangoProject\.venv\Lib\site-packages\django\db\backends\utils.py", line 100, in _execute
    with self.db.wrap_database_errors:
  File "E:\Edu\Django\Seminar\DjangoProject\.venv\Lib\site-packages\django\db\utils.py", line 91, in __exit__
    raise dj_exc_value.with_traceback(traceback) from exc_value
  File "E:\Edu\Django\Seminar\DjangoProject\.venv\Lib\site-packages\django\db\backends\utils.py", line 105, in _execute
    return self.cursor.execute(sql, params)
           ^^^^^^^^^^^^^^^^^^^^^^^^^^^^^^^^
  File "E:\Edu\Django\Seminar\DjangoProject\.venv\Lib\site-packages\django\db\backends\sqlite3\base.py", line 329, in execute
    return super().execute(query, params)
           ^^^^^^^^^^^^^^^^^^^^^^^^^^^^^^
django.db.utils.OperationalError: no such table: admin_interface_theme
"GET /admin/ HTTP/1.1" 500 451183
Watching for file changes with StatReloader
"GET /admin/ HTTP/1.1" 200 26401
"GET /static/admin/css/base.css HTTP/1.1" 304 0
"GET /static/admin/css/dark_mode.css HTTP/1.1" 304 0
"GET /static/admin_interface/css/form-controls.css?v=09666d757b59a801494c303f4fff36bec090d0965ced83dc1921577e HTTP/1.1" 304 0
"GET /static/admin_interface/css/admin-interface-fix.css?v=09666d757b59a801494c303f4fff36bec090d0965ced83dc1921577e HTTP/1.1" 304 0
"GET /static/admin_interface/css/admin-interface.css?v=09666d757b59a801494c303f4fff36bec090d0965ced83dc1921577e HTTP/1.1" 304 0
"GET /static/admin/css/nav_sidebar.css HTTP/1.1" 304 0
"GET /static/admin_interface/css/language-chooser.css?v=09666d757b59a801494c303f4fff36bec090d0965ced83dc1921577e HTTP/1.1" 304 0
"GET /static/admin_interface/css/list-filter-dropdown.css?v=09666d757b59a801494c303f4fff36bec090d0965ced83dc1921577e HTTP/1.1" 304 0
"GET /static/admin_interface/css/rangefilter.css?v=09666d757b59a801494c303f4fff36bec090d0965ced83dc1921577e HTTP/1.1" 304 0
"GET /static/admin_interface/css/modeltranslation.css?v=09666d757b59a801494c303f4fff36bec090d0965ced83dc1921577e HTTP/1.1" 304 0
"GET /static/admin_interface/css/streamfield.css?v=09666d757b59a801494c303f4fff36bec090d0965ced83dc1921577e HTTP/1.1" 304 0
"GET /static/admin_interface/css/related-modal.css?v=09666d757b59a801494c303f4fff36bec090d0965ced83dc1921577e HTTP/1.1" 304 0
"GET /static/admin_interface/css/jquery.ui.tabs.css?v=09666d757b59a801494c303f4fff36bec090d0965ced83dc1921577e HTTP/1.1" 304 0
"GET /static/admin_interface/css/sorl-thumbnail.css?v=09666d757b59a801494c303f4fff36bec090d0965ced83dc1921577e HTTP/1.1" 304 0
"GET /static/admin_interface/css/ckeditor.css?v=09666d757b59a801494c303f4fff36bec090d0965ced83dc1921577e HTTP/1.1" 304 0
"GET /static/admin_interface/css/tinymce.css?v=09666d757b59a801494c303f4fff36bec090d0965ced83dc1921577e HTTP/1.1" 304 0
"GET /static/admin_interface/css/json-widget.css?v=09666d757b59a801494c303f4fff36bec090d0965ced83dc1921577e HTTP/1.1" 304 0
"GET /static/admin_interface/css/import-export.css?v=09666d757b59a801494c303f4fff36bec090d0965ced83dc1921577e HTTP/1.1" 304 0
"GET /static/admin_interface/css/rtl.css?v=09666d757b59a801494c303f4fff36bec090d0965ced83dc1921577e HTTP/1.1" 304 0
"GET /static/admin_interface/css/tabbed-changeform.css?v=09666d757b59a801494c303f4fff36bec090d0965ced83dc1921577e HTTP/1.1" 304 0
"GET /static/admin/css/responsive.css HTTP/1.1" 304 0
"GET /static/admin_interface/magnific-popup/magnific-popup.css?nocache=09666d757b59a801494c303f4fff36bec090d0965ced83dc1921577e HTTP/1.1" 304 0
"GET /static/admin/css/responsive.css?nocache=09666d757b59a801494c303f4fff36bec090d0965ced83dc1921577e HTTP/1.1" 304 0
"GET /static/admin/css/dashboard.css HTTP/1.1" 304 0
"GET /static/admin_interface/foldable-apps/foldable-apps.css?nocache=09666d757b59a801494c303f4fff36bec090d0965ced83dc1921577e HTTP/1.1" 304 0
"GET /static/admin/css/responsive_rtl.css?nocache=09666d757b59a801494c303f4fff36bec090d0965ced83dc1921577e HTTP/1.1" 304 0
"GET /static/admin_interface/foldable-apps/foldable-apps.js?nocache=09666d757b59a801494c303f4fff36bec090d0965ced83dc1921577e HTTP/1.1" 304 0
"GET /static/admin_interface/related-modal/related-modal.js?nocache=09666d757b59a801494c303f4fff36bec090d0965ced83dc1921577e HTTP/1.1" 304 0
"GET /static/admin_interface/magnific-popup/jquery.magnific-popup.js?nocache=09666d757b59a801494c303f4fff36bec090d0965ced83dc1921577e HTTP/1.1" 304 0
"GET /static/admin/js/theme.js HTTP/1.1" 304 0
"GET /static/admin/js/nav_sidebar.js HTTP/1.1" 304 0
"GET /static/admin/img/icon-addlink.svg HTTP/1.1" 304 0
"GET /static/admin/img/icon-changelink.svg HTTP/1.1" 304 0
